Log file open, 07/21/22 17:37:15
LogWindows: Failed to load 'aqProf.dll' (GetLastError=126)
LogWindows: File 'aqProf.dll' does not exist
LogWindows: Failed to load 'VtuneApi.dll' (GetLastError=126)
LogWindows: File 'VtuneApi.dll' does not exist
LogWindows: Failed to load 'VtuneApi32e.dll' (GetLastError=126)
LogWindows: File 'VtuneApi32e.dll' does not exist
LogConsoleResponse: Display: Failed to find resolution value strings in scalability ini. Falling back to default.
LogConsoleResponse: Display: Failed to find resolution value strings in scalability ini. Falling back to default.
LogInit: Display: Running engine for game: LittleRide
LogPlatformFile: Not using cached read wrapper
LogTaskGraph: Started task graph with 5 named threads and 14 total threads with 3 sets of task threads.
LogStats: Stats thread started at 0.962548
LogICUInternationalization: ICU TimeZone Detection - Raw Offset: -3:00, Platform Override: ''
LogInit: Display: Loading text-based GConfig....
LogPluginManager: Mounting plugin MeshPainting
LogPluginManager: Mounting plugin XGEController
LogPluginManager: Mounting plugin LightPropagationVolume
LogPluginManager: Mounting plugin AISupport
LogPluginManager: Mounting plugin Paper2D
LogPluginManager: Mounting plugin EnvironmentQueryEditor
LogPluginManager: Mounting plugin LiveLink
LogPluginManager: Mounting plugin CameraShakePreviewer
LogPluginManager: Mounting plugin GameplayCameras
LogPluginManager: Mounting plugin OodleData
LogPluginManager: Mounting plugin OodleNetwork
LogPluginManager: Mounting plugin AnimationSharing
LogPluginManager: Mounting plugin CLionSourceCodeAccess
LogPluginManager: Mounting plugin CodeLiteSourceCodeAccess
LogPluginManager: Mounting plugin GitSourceControl
LogPluginManager: Mounting plugin KDevelopSourceCodeAccess
LogPluginManager: Mounting plugin NullSourceCodeAccess
LogPluginManager: Mounting plugin PerforceSourceControl
LogPluginManager: Mounting plugin PixWinPlugin
LogPluginManager: Mounting plugin PlasticSourceControl
LogPluginManager: Mounting plugin PluginUtils
LogPluginManager: Mounting plugin PropertyAccessNode
LogPluginManager: Mounting plugin RiderSourceCodeAccess
LogPluginManager: Mounting plugin SubversionSourceControl
LogPluginManager: Mounting plugin TextureFormatOodle
LogPluginManager: Mounting plugin UObjectPlugin
LogPluginManager: Mounting plugin VisualStudioCodeSourceCodeAccess
LogPluginManager: Mounting plugin VisualStudioSourceCodeAccess
LogPluginManager: Mounting plugin AssetManagerEditor
LogPluginManager: Mounting plugin XCodeSourceCodeAccess
LogPluginManager: Mounting plugin CryptoKeys
LogPluginManager: Mounting plugin CurveEditorTools
LogPluginManager: Mounting plugin DataValidation
LogPluginManager: Mounting plugin EditorScriptingUtilities
LogPluginManager: Mounting plugin FacialAnimation
LogPluginManager: Mounting plugin GameplayTagsEditor
LogPluginManager: Mounting plugin MacGraphicsSwitching
LogPluginManager: Mounting plugin GeometryMode
LogPluginManager: Mounting plugin MaterialAnalyzer
LogPluginManager: Mounting plugin MeshEditor
LogPluginManager: Mounting plugin MobileLauncherProfileWizard
LogPluginManager: Mounting plugin PluginBrowser
LogPluginManager: Mounting plugin SpeedTreeImporter
LogPluginManager: Mounting plugin StylusInput
LogPluginManager: Mounting plugin DataprepEditor
LogPluginManager: Mounting plugin DatasmithContent
LogPluginManager: Mounting plugin StaticMeshEditorExtension
LogPluginManager: Mounting plugin VariantManagerContent
LogPluginManager: Mounting plugin Niagara
LogPluginManager: Mounting plugin LuminPlatformFeatures
LogPluginManager: Mounting plugin MagicLeap
LogPluginManager: Mounting plugin MagicLeapLightEstimation
LogPluginManager: Mounting plugin MagicLeapMedia
LogPluginManager: Mounting plugin MagicLeapPassableWorld
LogPluginManager: Mounting plugin MLSDK
LogPluginManager: Mounting plugin AlembicImporter
LogPluginManager: Mounting plugin AutomationUtils
LogPluginManager: Mounting plugin BackChannel
LogPluginManager: Mounting plugin BlastPlugin
LogPluginManager: Mounting plugin ChaosCloth
LogPluginManager: Mounting plugin ChaosClothEditor
LogPluginManager: Mounting plugin ChaosEditor
LogPluginManager: Mounting plugin ChaosNiagara
LogPluginManager: Mounting plugin ChaosSolverPlugin
LogPluginManager: Mounting plugin CharacterAI
LogPluginManager: Mounting plugin GeometryCache
LogPluginManager: Mounting plugin GeometryCollectionPlugin
LogPluginManager: Mounting plugin AndroidMedia
LogPluginManager: Mounting plugin AvfMedia
LogPluginManager: Mounting plugin ImgMedia
LogPluginManager: Mounting plugin MediaCompositing
LogPluginManager: Mounting plugin MediaPlayerEditor
LogPluginManager: Mounting plugin WebMMedia
LogPluginManager: Mounting plugin WmfMedia
LogPluginManager: Mounting plugin GeometryProcessing
LogPluginManager: Mounting plugin MeshModelingToolset
LogPluginManager: Mounting plugin ModelingToolsEditorMode
LogPluginManager: Mounting plugin MotoSynth
LogPluginManager: Mounting plugin OpenImageDenoise
LogPluginManager: Mounting plugin PlanarCut
LogPluginManager: Mounting plugin PlatformCrypto
LogPluginManager: Mounting plugin ProxyLODPlugin
LogPluginManager: Mounting plugin PythonScriptPlugin
LogPluginManager: Mounting plugin SkeletalReduction
LogPluginManager: Mounting plugin ActorSequence
LogPluginManager: Mounting plugin UdpMessaging
LogPluginManager: Mounting plugin TcpMessaging
LogPluginManager: Mounting plugin LevelSequenceEditor
LogPluginManager: Mounting plugin MatineeToLevelSequence
LogPluginManager: Mounting plugin TemplateSequence
LogPluginManager: Mounting plugin LauncherChunkInstaller
LogPluginManager: Mounting plugin OnlineSubsystem
LogPluginManager: Mounting plugin OnlineSubsystemNull
LogPluginManager: Mounting plugin OnlineSubsystemUtils
LogPluginManager: Mounting plugin ScreenshotTools
LogPluginManager: Mounting plugin ActorLayerUtilities
LogPluginManager: Mounting plugin AndroidMoviePlayer
LogPluginManager: Mounting plugin AndroidPermission
LogPluginManager: Mounting plugin AndroidDeviceProfileSelector
LogPluginManager: Mounting plugin AppleImageUtils
LogPluginManager: Mounting plugin AppleMoviePlayer
LogPluginManager: Mounting plugin ArchVisCharacter
LogPluginManager: Mounting plugin AssetTags
LogPluginManager: Mounting plugin AudioCapture
LogPluginManager: Mounting plugin AudioSynesthesia
LogPluginManager: Mounting plugin CableComponent
LogPluginManager: Mounting plugin ChunkDownloader
LogPluginManager: Mounting plugin CustomMeshComponent
LogPluginManager: Mounting plugin EditableMesh
LogPluginManager: Mounting plugin ExampleDeviceProfileSelector
LogPluginManager: Mounting plugin GoogleCloudMessaging
LogPluginManager: Mounting plugin GooglePAD
LogPluginManager: Mounting plugin HairStrands
LogPluginManager: Mounting plugin Takes
LogPluginManager: Mounting plugin IOSDeviceProfileSelector
LogPluginManager: Mounting plugin LinuxDeviceProfileSelector
LogPluginManager: Mounting plugin LocationServicesBPLibrary
LogPluginManager: Mounting plugin MobilePatchingUtils
LogPluginManager: Mounting plugin OpenXREyeTracker
LogPluginManager: Mounting plugin OpenXR
LogPluginManager: Mounting plugin OpenXRHandTracking
LogPluginManager: Mounting plugin PostSplashScreen
LogPluginManager: Mounting plugin PhysXVehicles
LogPluginManager: Mounting plugin ProceduralMeshComponent
LogPluginManager: Mounting plugin PropertyAccessEditor
LogPluginManager: Mounting plugin RuntimePhysXCooking
LogPluginManager: Mounting plugin SignificanceManager
LogPluginManager: Mounting plugin SoundFields
LogPluginManager: Mounting plugin Synthesis
LogPluginManager: Mounting plugin WebMMoviePlayer
LogPluginManager: Mounting plugin WindowsMoviePlayer
LogPluginManager: Mounting plugin ContentBrowserAssetDataSource
LogPluginManager: Mounting plugin ContentBrowserClassDataSource
LogPluginManager: Mounting plugin ContentBrowserFileDataSource
LogPluginManager: Mounting plugin OnlineSubsystemGooglePlay
LogPluginManager: Mounting plugin OnlineSubsystemIOS
LogPluginManager: Mounting plugin OculusVR
LogPluginManager: Mounting plugin SteamVR
PixWinPlugin: PIX capture plugin failed to initialize! Check that the process is launched from PIX.
LogInit: Using libcurl 7.55.1-DEV
LogInit:  - built for x86_64-pc-win32
LogInit:  - supports SSL with OpenSSL/1.1.1
LogInit:  - supports HTTP deflate (compression) using libz 1.2.8
LogInit:  - other features:
LogInit:      CURL_VERSION_SSL
LogInit:      CURL_VERSION_LIBZ
LogInit:      CURL_VERSION_IPV6
LogInit:      CURL_VERSION_ASYNCHDNS
LogInit:      CURL_VERSION_LARGEFILE
LogInit:      CURL_VERSION_IDN
LogInit:  CurlRequestOptions (configurable via config and command line):
LogInit:  - bVerifyPeer = true  - Libcurl will verify peer certificate
LogInit:  - bUseHttpProxy = false  - Libcurl will NOT use HTTP proxy
LogInit:  - bDontReuseConnections = false  - Libcurl will reuse connections
LogInit:  - MaxHostConnections = 16  - Libcurl will limit the number of connections to a host
LogInit:  - LocalHostAddr = Default
LogInit:  - BufferSize = 65536
LogOnline: OSS: Creating online subsystem instance for: NULL
LogInit: WinSock: version 1.1 (2.2), MaxSocks=32767, MaxUdp=65467
LogOnline: OSS: TryLoadSubsystemAndSetDefault: Loaded subsystem for module [NULL]
LogOculusPluginWrapper: OculusPlugin initialized successfully
LogHMD: Failed initializing OVRPlugin 1.59.0
LogInit: Build: ++UE4+Release-4.27-CL-18319896
LogInit: Engine Version: 4.27.2-18319896+++UE4+Release-4.27
LogInit: Compatible Engine Version: 4.27.0-17155196+++UE4+Release-4.27
LogInit: Net CL: 17155196
LogInit: OS: Windows 10 (Release 2009) (), CPU: Intel(R) Core(TM) i5-7400 CPU @ 3.00GHz, GPU: NVIDIA GeForce GTX 960
LogInit: Compiled (64-bit): Nov 30 2021 07:12:08
LogInit: Compiled with Visual C++: 19.24.28315.00
LogInit: Build Configuration: Development
LogInit: Branch Name: ++UE4+Release-4.27
LogInit: Command Line: 
LogInit: Base Directory: C:/Program Files/Epic Games/UE_4.27/Engine/Binaries/Win64/
LogInit: Allocator: TBB
LogInit: Installed Engine Build: 1
LogDevObjectVersion: Number of dev versions registered: 29
LogDevObjectVersion:   Dev-Blueprints (B0D832E4-1F89-4F0D-ACCF-7EB736FD4AA2): 10
LogDevObjectVersion:   Dev-Build (E1C64328-A22C-4D53-A36C-8E866417BD8C): 0
LogDevObjectVersion:   Dev-Core (375EC13C-06E4-48FB-B500-84F0262A717E): 4
LogDevObjectVersion:   Dev-Editor (E4B068ED-F494-42E9-A231-DA0B2E46BB41): 40
LogDevObjectVersion:   Dev-Framework (CFFC743F-43B0-4480-9391-14DF171D2073): 37
LogDevObjectVersion:   Dev-Mobile (B02B49B5-BB20-44E9-A304-32B752E40360): 3
LogDevObjectVersion:   Dev-Networking (A4E4105C-59A1-49B5-A7C5-40C4547EDFEE): 0
LogDevObjectVersion:   Dev-Online (39C831C9-5AE6-47DC-9A44-9C173E1C8E7C): 0
LogDevObjectVersion:   Dev-Physics (78F01B33-EBEA-4F98-B9B4-84EACCB95AA2): 14
LogDevObjectVersion:   Dev-Platform (6631380F-2D4D-43E0-8009-CF276956A95A): 0
LogDevObjectVersion:   Dev-Rendering (12F88B9F-8875-4AFC-A67C-D90C383ABD29): 45
LogDevObjectVersion:   Dev-Sequencer (7B5AE74C-D270-4C10-A958-57980B212A5A): 13
LogDevObjectVersion:   Dev-VR (D7296918-1DD6-4BDD-9DE2-64A83CC13884): 3
LogDevObjectVersion:   Dev-LoadTimes (C2A15278-BFE7-4AFE-6C17-90FF531DF755): 1
LogDevObjectVersion:   Private-Geometry (6EACA3D4-40EC-4CC1-B786-8BED09428FC5): 3
LogDevObjectVersion:   Dev-AnimPhys (29E575DD-E0A3-4627-9D10-D276232CDCEA): 17
LogDevObjectVersion:   Dev-Anim (AF43A65D-7FD3-4947-9873-3E8ED9C1BB05): 15
LogDevObjectVersion:   Dev-ReflectionCapture (6B266CEC-1EC7-4B8F-A30B-E4D90942FC07): 1
LogDevObjectVersion:   Dev-Automation (0DF73D61-A23F-47EA-B727-89E90C41499A): 1
LogDevObjectVersion:   FortniteMain (601D1886-AC64-4F84-AA16-D3DE0DEAC7D6): 47
LogDevObjectVersion:   FortniteRelease (E7086368-6B23-4C58-8439-1B7016265E91): 1
LogDevObjectVersion:   Dev-Enterprise (9DFFBCD6-494F-0158-E221-12823C92A888): 10
LogDevObjectVersion:   Dev-Niagara (F2AED0AC-9AFE-416F-8664-AA7FFA26D6FC): 1
LogDevObjectVersion:   Dev-Destruction (174F1F0B-B4C6-45A5-B13F-2EE8D0FB917D): 10
LogDevObjectVersion:   Dev-Physics-Ext (35F94A83-E258-406C-A318-09F59610247C): 41
LogDevObjectVersion:   Dev-PhysicsMaterial-Chaos (B68FC16E-8B1B-42E2-B453-215C058844FE): 1
LogDevObjectVersion:   Dev-CineCamera (B2E18506-4273-CFC2-A54E-F4BB758BBA07): 1
LogDevObjectVersion:   Dev-VirtualProduction (64F58936-FD1B-42BA-BA96-7289D5D0FA4E): 1
LogDevObjectVersion:   Dev-MediaFramework (6F0ED827-A609-4895-9C91-998D90180EA4): 2
LogInit: Presizing for max 25165824 objects, including 0 objects not considered by GC, pre-allocating 0 bytes for permanent pool.
LogConfig: Applying CVar settings from Section [/Script/Engine.StreamingSettings] File [C:/Users/teste/Documents/Unreal Projects/LittleRide/Saved/Config/Windows/Engine.ini]
LogConfig: Setting CVar [[s.MinBulkDataSizeForAsyncLoading:131072]]
LogConfig: Setting CVar [[s.AsyncLoadingThreadEnabled:0]]
LogConfig: Setting CVar [[s.EventDrivenLoaderEnabled:1]]
LogConfig: Setting CVar [[s.WarnIfTimeLimitExceeded:0]]
LogConfig: Setting CVar [[s.TimeLimitExceededMultiplier:1.5]]
LogConfig: Setting CVar [[s.TimeLimitExceededMinTime:0.005]]
LogConfig: Setting CVar [[s.UseBackgroundLevelStreaming:1]]
LogConfig: Setting CVar [[s.PriorityAsyncLoadingExtraTime:15.0]]
LogConfig: Setting CVar [[s.LevelStreamingActorsUpdateTimeLimit:5.0]]
LogConfig: Setting CVar [[s.PriorityLevelStreamingActorsUpdateExtraTime:5.0]]
LogConfig: Setting CVar [[s.LevelStreamingComponentsRegistrationGranularity:10]]
LogConfig: Setting CVar [[s.UnregisterComponentsTimeLimit:1.0]]
LogConfig: Setting CVar [[s.LevelStreamingComponentsUnregistrationGranularity:5]]
LogConfig: Setting CVar [[s.FlushStreamingOnExit:1]]
LogInit: Object subsystem initialized
LogConfig: Setting CVar [[con.DebugEarlyDefault:1]]
LogConfig: Setting CVar [[r.setres:1280x720]]
LogConfig: Setting CVar [[fx.NiagaraAllowRuntimeScalabilityChanges:1]]
[2022.07.21-20.37.16:793][  0]LogConfig: Setting CVar [[r.VSync:0]]
[2022.07.21-20.37.16:793][  0]LogConfig: Setting CVar [[r.RHICmdBypass:0]]
[2022.07.21-20.37.16:793][  0]LogConfig: Applying CVar settings from Section [/Script/Engine.RendererSettings] File [C:/Users/teste/Documents/Unreal Projects/LittleRide/Saved/Config/Windows/Engine.ini]
[2022.07.21-20.37.16:793][  0]LogConfig: Setting CVar [[r.GPUCrashDebugging:0]]
[2022.07.21-20.37.16:793][  0]LogConfig: Applying CVar settings from Section [/Script/Engine.RendererOverrideSettings] File [C:/Users/teste/Documents/Unreal Projects/LittleRide/Saved/Config/Windows/Engine.ini]
[2022.07.21-20.37.16:793][  0]LogConfig: Applying CVar settings from Section [/Script/Engine.StreamingSettings] File [C:/Users/teste/Documents/Unreal Projects/LittleRide/Saved/Config/Windows/Engine.ini]
[2022.07.21-20.37.16:793][  0]LogConfig: Setting CVar [[s.MinBulkDataSizeForAsyncLoading:131072]]
[2022.07.21-20.37.16:793][  0]LogConfig: Setting CVar [[s.AsyncLoadingThreadEnabled:0]]
[2022.07.21-20.37.16:793][  0]LogConfig: Setting CVar [[s.EventDrivenLoaderEnabled:1]]
[2022.07.21-20.37.16:793][  0]LogConfig: Setting CVar [[s.WarnIfTimeLimitExceeded:0]]
[2022.07.21-20.37.16:793][  0]LogConfig: Setting CVar [[s.TimeLimitExceededMultiplier:1.5]]
[2022.07.21-20.37.16:793][  0]LogConfig: Setting CVar [[s.TimeLimitExceededMinTime:0.005]]
[2022.07.21-20.37.16:793][  0]LogConfig: Setting CVar [[s.UseBackgroundLevelStreaming:1]]
[2022.07.21-20.37.16:793][  0]LogConfig: Setting CVar [[s.PriorityAsyncLoadingExtraTime:15.0]]
[2022.07.21-20.37.16:793][  0]LogConfig: Setting CVar [[s.LevelStreamingActorsUpdateTimeLimit:5.0]]
[2022.07.21-20.37.16:793][  0]LogConfig: Setting CVar [[s.PriorityLevelStreamingActorsUpdateExtraTime:5.0]]
[2022.07.21-20.37.16:793][  0]LogConfig: Setting CVar [[s.LevelStreamingComponentsRegistrationGranularity:10]]
[2022.07.21-20.37.16:793][  0]LogConfig: Setting CVar [[s.UnregisterComponentsTimeLimit:1.0]]
[2022.07.21-20.37.16:793][  0]LogConfig: Setting CVar [[s.LevelStreamingComponentsUnregistrationGranularity:5]]
[2022.07.21-20.37.16:793][  0]LogConfig: Setting CVar [[s.FlushStreamingOnExit:1]]
[2022.07.21-20.37.16:793][  0]LogConfig: Applying CVar settings from Section [/Script/Engine.GarbageCollectionSettings] File [C:/Users/teste/Documents/Unreal Projects/LittleRide/Saved/Config/Windows/Engine.ini]
[2022.07.21-20.37.16:793][  0]LogConfig: Setting CVar [[gc.MaxObjectsNotConsideredByGC:1]]
[2022.07.21-20.37.16:793][  0]LogConfig: Setting CVar [[gc.SizeOfPermanentObjectPool:0]]
[2022.07.21-20.37.16:793][  0]LogConfig: Setting CVar [[gc.FlushStreamingOnGC:0]]
[2022.07.21-20.37.16:793][  0]LogConfig: Setting CVar [[gc.NumRetriesBeforeForcingGC:10]]
[2022.07.21-20.37.16:794][  0]LogConfig: Setting CVar [[gc.AllowParallelGC:1]]
[2022.07.21-20.37.16:794][  0]LogConfig: Setting CVar [[gc.TimeBetweenPurgingPendingKillObjects:61.1]]
[2022.07.21-20.37.16:794][  0]LogConfig: Setting CVar [[gc.MaxObjectsInEditor:25165824]]
[2022.07.21-20.37.16:794][  0]LogConfig: Setting CVar [[gc.IncrementalBeginDestroyEnabled:1]]
[2022.07.21-20.37.16:794][  0]LogConfig: Setting CVar [[gc.CreateGCClusters:1]]
[2022.07.21-20.37.16:794][  0]LogConfig: Setting CVar [[gc.MinGCClusterSize:5]]
[2022.07.21-20.37.16:794][  0]LogConfig: Setting CVar [[gc.ActorClusteringEnabled:0]]
[2022.07.21-20.37.16:794][  0]LogConfig: Setting CVar [[gc.BlueprintClusteringEnabled:0]]
[2022.07.21-20.37.16:794][  0]LogConfig: Setting CVar [[gc.UseDisregardForGCOnDedicatedServers:0]]
[2022.07.21-20.37.16:794][  0]LogConfig: Setting CVar [[gc.MultithreadedDestructionEnabled:1]]
[2022.07.21-20.37.16:794][  0]LogConfig: Applying CVar settings from Section [/Script/Engine.NetworkSettings] File [C:/Users/teste/Documents/Unreal Projects/LittleRide/Saved/Config/Windows/Engine.ini]
[2022.07.21-20.37.16:794][  0]LogConfig: Applying CVar settings from Section [/Script/UnrealEd.CookerSettings] File [C:/Users/teste/Documents/Unreal Projects/LittleRide/Saved/Config/Windows/Engine.ini]
[2022.07.21-20.37.16:804][  0]LogConfig: Applying CVar settings from Section [ViewDistanceQuality@3] File [C:/Users/teste/Documents/Unreal Projects/LittleRide/Saved/Config/Windows/Scalability.ini]
[2022.07.21-20.37.16:804][  0]LogConfig: Setting CVar [[r.SkeletalMeshLODBias:0]]
[2022.07.21-20.37.16:804][  0]LogConfig: Setting CVar [[r.ViewDistanceScale:1.0]]
[2022.07.21-20.37.16:804][  0]LogConfig: Applying CVar settings from Section [AntiAliasingQuality@3] File [C:/Users/teste/Documents/Unreal Projects/LittleRide/Saved/Config/Windows/Scalability.ini]
[2022.07.21-20.37.16:804][  0]LogConfig: Setting CVar [[r.PostProcessAAQuality:4]]
[2022.07.21-20.37.16:804][  0]LogConfig: Applying CVar settings from Section [ShadowQuality@3] File [C:/Users/teste/Documents/Unreal Projects/LittleRide/Saved/Config/Windows/Scalability.ini]
[2022.07.21-20.37.16:804][  0]LogConfig: Setting CVar [[r.LightFunctionQuality:1]]
[2022.07.21-20.37.16:804][  0]LogConfig: Setting CVar [[r.ShadowQuality:5]]
[2022.07.21-20.37.16:804][  0]LogConfig: Setting CVar [[r.Shadow.CSM.MaxCascades:10]]
[2022.07.21-20.37.16:804][  0]LogConfig: Setting CVar [[r.Shadow.MaxResolution:2048]]
[2022.07.21-20.37.16:804][  0]LogConfig: Setting CVar [[r.Shadow.MaxCSMResolution:2048]]
[2022.07.21-20.37.16:804][  0]LogConfig: Setting CVar [[r.Shadow.RadiusThreshold:0.01]]
[2022.07.21-20.37.16:804][  0]LogConfig: Setting CVar [[r.Shadow.DistanceScale:1.0]]
[2022.07.21-20.37.16:804][  0]LogConfig: Setting CVar [[r.Shadow.CSM.TransitionScale:1.0]]
[2022.07.21-20.37.16:804][  0]LogConfig: Setting CVar [[r.Shadow.PreShadowResolutionFactor:1.0]]
[2022.07.21-20.37.16:804][  0]LogConfig: Setting CVar [[r.DistanceFieldShadowing:1]]
[2022.07.21-20.37.16:804][  0]LogConfig: Setting CVar [[r.DistanceFieldAO:1]]
[2022.07.21-20.37.16:804][  0]LogConfig: Setting CVar [[r.AOQuality:2]]
[2022.07.21-20.37.16:804][  0]LogConfig: Setting CVar [[r.VolumetricFog:1]]
[2022.07.21-20.37.16:805][  0]LogConfig: Setting CVar [[r.VolumetricFog.GridPixelSize:8]]
[2022.07.21-20.37.16:805][  0]LogConfig: Setting CVar [[r.VolumetricFog.GridSizeZ:128]]
[2022.07.21-20.37.16:805][  0]LogConfig: Setting CVar [[r.VolumetricFog.HistoryMissSupersampleCount:4]]
[2022.07.21-20.37.16:805][  0]LogConfig: Setting CVar [[r.LightMaxDrawDistanceScale:1]]
[2022.07.21-20.37.16:805][  0]LogConfig: Setting CVar [[r.CapsuleShadows:1]]
[2022.07.21-20.37.16:805][  0]LogConfig: Applying CVar settings from Section [PostProcessQuality@3] File [C:/Users/teste/Documents/Unreal Projects/LittleRide/Saved/Config/Windows/Scalability.ini]
[2022.07.21-20.37.16:805][  0]LogConfig: Setting CVar [[r.MotionBlurQuality:4]]
[2022.07.21-20.37.16:805][  0]LogConfig: Setting CVar [[r.AmbientOcclusionMipLevelFactor:0.4]]
[2022.07.21-20.37.16:805][  0]LogConfig: Setting CVar [[r.AmbientOcclusionMaxQuality:100]]
[2022.07.21-20.37.16:805][  0]LogConfig: Setting CVar [[r.AmbientOcclusionLevels:-1]]
[2022.07.21-20.37.16:805][  0]LogConfig: Setting CVar [[r.AmbientOcclusionRadiusScale:1.0]]
[2022.07.21-20.37.16:805][  0]LogConfig: Setting CVar [[r.DepthOfFieldQuality:2]]
[2022.07.21-20.37.16:805][  0]LogConfig: Setting CVar [[r.RenderTargetPoolMin:400]]
[2022.07.21-20.37.16:805][  0]LogConfig: Setting CVar [[r.LensFlareQuality:2]]
[2022.07.21-20.37.16:805][  0]LogConfig: Setting CVar [[r.SceneColorFringeQuality:1]]
[2022.07.21-20.37.16:805][  0]LogConfig: Setting CVar [[r.EyeAdaptationQuality:2]]
[2022.07.21-20.37.16:805][  0]LogConfig: Setting CVar [[r.BloomQuality:5]]
[2022.07.21-20.37.16:805][  0]LogConfig: Setting CVar [[r.FastBlurThreshold:100]]
[2022.07.21-20.37.16:805][  0]LogConfig: Setting CVar [[r.Upscale.Quality:3]]
[2022.07.21-20.37.16:805][  0]LogConfig: Setting CVar [[r.Tonemapper.GrainQuantization:1]]
[2022.07.21-20.37.16:805][  0]LogConfig: Setting CVar [[r.LightShaftQuality:1]]
[2022.07.21-20.37.16:805][  0]LogConfig: Setting CVar [[r.Filter.SizeScale:1]]
[2022.07.21-20.37.16:805][  0]LogConfig: Setting CVar [[r.Tonemapper.Quality:5]]
[2022.07.21-20.37.16:805][  0]LogConfig: Setting CVar [[r.DOF.Gather.AccumulatorQuality:1        ; higher gathering accumulator quality]]
[2022.07.21-20.37.16:805][  0]LogConfig: Setting CVar [[r.DOF.Gather.PostfilterMethod:1          ; Median3x3 postfilering method]]
[2022.07.21-20.37.16:805][  0]LogConfig: Setting CVar [[r.DOF.Gather.EnableBokehSettings:0       ; no bokeh simulation when gathering]]
[2022.07.21-20.37.16:805][  0]LogConfig: Setting CVar [[r.DOF.Gather.RingCount:4                 ; medium number of samples when gathering]]
[2022.07.21-20.37.16:805][  0]LogConfig: Setting CVar [[r.DOF.Scatter.ForegroundCompositing:1    ; additive foreground scattering]]
[2022.07.21-20.37.16:805][  0]LogConfig: Setting CVar [[r.DOF.Scatter.BackgroundCompositing:2    ; additive background scattering]]
[2022.07.21-20.37.16:805][  0]LogConfig: Setting CVar [[r.DOF.Scatter.EnableBokehSettings:1      ; bokeh simulation when scattering]]
[2022.07.21-20.37.16:805][  0]LogConfig: Setting CVar [[r.DOF.Scatter.MaxSpriteRatio:0.1         ; only a maximum of 10% of scattered bokeh]]
[2022.07.21-20.37.16:805][  0]LogConfig: Setting CVar [[r.DOF.Recombine.Quality:1                ; cheap slight out of focus]]
[2022.07.21-20.37.16:805][  0]LogConfig: Setting CVar [[r.DOF.Recombine.EnableBokehSettings:0    ; no bokeh simulation on slight out of focus]]
[2022.07.21-20.37.16:805][  0]LogConfig: Setting CVar [[r.DOF.TemporalAAQuality:1                ; more stable temporal accumulation]]
[2022.07.21-20.37.16:805][  0]LogConfig: Setting CVar [[r.DOF.Kernel.MaxForegroundRadius:0.025]]
[2022.07.21-20.37.16:805][  0]LogConfig: Setting CVar [[r.DOF.Kernel.MaxBackgroundRadius:0.025]]
[2022.07.21-20.37.16:805][  0]LogConfig: Applying CVar settings from Section [TextureQuality@3] File [C:/Users/teste/Documents/Unreal Projects/LittleRide/Saved/Config/Windows/Scalability.ini]
[2022.07.21-20.37.16:805][  0]LogConfig: Setting CVar [[r.Streaming.MipBias:0]]
[2022.07.21-20.37.16:805][  0]LogConfig: Setting CVar [[r.Streaming.AmortizeCPUToGPUCopy:0]]
[2022.07.21-20.37.16:805][  0]LogConfig: Setting CVar [[r.Streaming.MaxNumTexturesToStreamPerFrame:0]]
[2022.07.21-20.37.16:805][  0]LogConfig: Setting CVar [[r.Streaming.Boost:1]]
[2022.07.21-20.37.16:805][  0]LogConfig: Setting CVar [[r.MaxAnisotropy:8]]
[2022.07.21-20.37.16:805][  0]LogConfig: Setting CVar [[r.VT.MaxAnisotropy:8]]
[2022.07.21-20.37.16:805][  0]LogConfig: Setting CVar [[r.Streaming.LimitPoolSizeToVRAM:0]]
[2022.07.21-20.37.16:805][  0]LogConfig: Setting CVar [[r.Streaming.PoolSize:1000]]
[2022.07.21-20.37.16:805][  0]LogConfig: Setting CVar [[r.Streaming.MaxEffectiveScreenSize:0]]
[2022.07.21-20.37.16:805][  0]LogConfig: Applying CVar settings from Section [EffectsQuality@3] File [C:/Users/teste/Documents/Unreal Projects/LittleRide/Saved/Config/Windows/Scalability.ini]
[2022.07.21-20.37.16:805][  0]LogConfig: Setting CVar [[r.TranslucencyLightingVolumeDim:64]]
[2022.07.21-20.37.16:805][  0]LogConfig: Setting CVar [[r.RefractionQuality:2]]
[2022.07.21-20.37.16:805][  0]LogConfig: Setting CVar [[r.SSR.Quality:3]]
[2022.07.21-20.37.16:805][  0]LogConfig: Setting CVar [[r.SSR.HalfResSceneColor:0]]
[2022.07.21-20.37.16:805][  0]LogConfig: Setting CVar [[r.SceneColorFormat:4]]
[2022.07.21-20.37.16:805][  0]LogConfig: Setting CVar [[r.DetailMode:2]]
[2022.07.21-20.37.16:805][  0]LogConfig: Setting CVar [[r.TranslucencyVolumeBlur:1]]
[2022.07.21-20.37.16:806][  0]LogConfig: Setting CVar [[r.MaterialQualityLevel:1 ; High quality]]
[2022.07.21-20.37.16:806][  0]LogConfig: Setting CVar [[r.AnisotropicMaterials:1]]
[2022.07.21-20.37.16:806][  0]LogConfig: Setting CVar [[r.SSS.Scale:1]]
[2022.07.21-20.37.16:806][  0]LogConfig: Setting CVar [[r.SSS.SampleSet:2]]
[2022.07.21-20.37.16:806][  0]LogConfig: Setting CVar [[r.SSS.Quality:1]]
[2022.07.21-20.37.16:806][  0]LogConfig: Setting CVar [[r.SSS.HalfRes:0]]
[2022.07.21-20.37.16:806][  0]LogConfig: Setting CVar [[r.SSGI.Quality:3]]
[2022.07.21-20.37.16:806][  0]LogConfig: Setting CVar [[r.EmitterSpawnRateScale:1.0]]
[2022.07.21-20.37.16:806][  0]LogConfig: Setting CVar [[r.ParticleLightQuality:2]]
[2022.07.21-20.37.16:806][  0]LogConfig: Setting CVar [[r.SkyAtmosphere.AerialPerspectiveLUT.FastApplyOnOpaque:1 ; Always have FastSkyLUT 1 in this case to avoid wrong sky]]
[2022.07.21-20.37.16:806][  0]LogConfig: Setting CVar [[r.SkyAtmosphere.AerialPerspectiveLUT.SampleCountMaxPerSlice:4]]
[2022.07.21-20.37.16:806][  0]LogConfig: Setting CVar [[r.SkyAtmosphere.AerialPerspectiveLUT.DepthResolution:16.0]]
[2022.07.21-20.37.16:806][  0]LogConfig: Setting CVar [[r.SkyAtmosphere.FastSkyLUT:1]]
[2022.07.21-20.37.16:806][  0]LogConfig: Setting CVar [[r.SkyAtmosphere.FastSkyLUT.SampleCountMin:4.0]]
[2022.07.21-20.37.16:806][  0]LogConfig: Setting CVar [[r.SkyAtmosphere.FastSkyLUT.SampleCountMax:128.0]]
[2022.07.21-20.37.16:806][  0]LogConfig: Setting CVar [[r.SkyAtmosphere.SampleCountMin:4.0]]
[2022.07.21-20.37.16:806][  0]LogConfig: Setting CVar [[r.SkyAtmosphere.SampleCountMax:128.0]]
[2022.07.21-20.37.16:806][  0]LogConfig: Setting CVar [[r.SkyAtmosphere.TransmittanceLUT.UseSmallFormat:0]]
[2022.07.21-20.37.16:806][  0]LogConfig: Setting CVar [[r.SkyAtmosphere.TransmittanceLUT.SampleCount:10.0]]
[2022.07.21-20.37.16:806][  0]LogConfig: Setting CVar [[r.SkyAtmosphere.MultiScatteringLUT.SampleCount:15.0]]
[2022.07.21-20.37.16:806][  0]LogConfig: Setting CVar [[r.SkyLight.RealTimeReflectionCapture:1]]
[2022.07.21-20.37.16:806][  0]LogConfig: Setting CVar [[fx.Niagara.QualityLevel:3]]
[2022.07.21-20.37.16:806][  0]LogConfig: Applying CVar settings from Section [FoliageQuality@3] File [C:/Users/teste/Documents/Unreal Projects/LittleRide/Saved/Config/Windows/Scalability.ini]
[2022.07.21-20.37.16:806][  0]LogConfig: Setting CVar [[foliage.DensityScale:1.0]]
[2022.07.21-20.37.16:806][  0]LogConfig: Setting CVar [[grass.DensityScale:1.0]]
[2022.07.21-20.37.16:806][  0]LogConfig: Applying CVar settings from Section [ShadingQuality@3] File [C:/Users/teste/Documents/Unreal Projects/LittleRide/Saved/Config/Windows/Scalability.ini]
[2022.07.21-20.37.16:806][  0]LogConfig: Setting CVar [[r.HairStrands.SkyLighting.IntegrationType:2]]
[2022.07.21-20.37.16:806][  0]LogConfig: Setting CVar [[r.HairStrands.SkyAO.SampleCount:4]]
[2022.07.21-20.37.16:806][  0]LogConfig: Setting CVar [[r.HairStrands.Visibility.MSAA.SamplePerPixel:4]]
[2022.07.21-20.37.16:806][  0]LogConfig: Setting CVar [[r.HairStrands.Interpolation.UseSingleGuide:0]]
[2022.07.21-20.37.16:807][  0]LogInit: Selected Device Profile: [Windows]
[2022.07.21-20.37.16:808][  0]LogInit: Applying CVar settings loaded from the selected device profile: [Windows]
[2022.07.21-20.37.16:808][  0]LogHAL: Display: Platform has ~ 16 GB [16856268800 / 17179869184 / 16], which maps to Larger [LargestMinGB=32, LargerMinGB=12, DefaultMinGB=8, SmallerMinGB=6, SmallestMinGB=0)
[2022.07.21-20.37.16:808][  0]LogInit: Going up to parent DeviceProfile []
[2022.07.21-20.37.16:809][  0]LogConfig: Applying CVar settings from Section [ViewDistanceQuality@3] File [C:/Users/teste/Documents/Unreal Projects/LittleRide/Saved/Config/Windows/Scalability.ini]
[2022.07.21-20.37.16:809][  0]LogConfig: Setting CVar [[r.SkeletalMeshLODBias:0]]
[2022.07.21-20.37.16:809][  0]LogConfig: Setting CVar [[r.ViewDistanceScale:1.0]]
[2022.07.21-20.37.16:810][  0]LogConfig: Applying CVar settings from Section [AntiAliasingQuality@3] File [C:/Users/teste/Documents/Unreal Projects/LittleRide/Saved/Config/Windows/Scalability.ini]
[2022.07.21-20.37.16:810][  0]LogConfig: Setting CVar [[r.PostProcessAAQuality:4]]
[2022.07.21-20.37.16:810][  0]LogConfig: Applying CVar settings from Section [ShadowQuality@3] File [C:/Users/teste/Documents/Unreal Projects/LittleRide/Saved/Config/Windows/Scalability.ini]
[2022.07.21-20.37.16:810][  0]LogConfig: Setting CVar [[r.LightFunctionQuality:1]]
[2022.07.21-20.37.16:810][  0]LogConfig: Setting CVar [[r.ShadowQuality:5]]
[2022.07.21-20.37.16:810][  0]LogConfig: Setting CVar [[r.Shadow.CSM.MaxCascades:10]]
[2022.07.21-20.37.16:810][  0]LogConfig: Setting CVar [[r.Shadow.MaxResolution:2048]]
[2022.07.21-20.37.16:810][  0]LogConfig: Setting CVar [[r.Shadow.MaxCSMResolution:2048]]
[2022.07.21-20.37.16:810][  0]LogConfig: Setting CVar [[r.Shadow.RadiusThreshold:0.01]]
[2022.07.21-20.37.16:810][  0]LogConfig: Setting CVar [[r.Shadow.DistanceScale:1.0]]
[2022.07.21-20.37.16:810][  0]LogConfig: Setting CVar [[r.Shadow.CSM.TransitionScale:1.0]]
[2022.07.21-20.37.16:810][  0]LogConfig: Setting CVar [[r.Shadow.PreShadowResolutionFactor:1.0]]
[2022.07.21-20.37.16:810][  0]LogConfig: Setting CVar [[r.DistanceFieldShadowing:1]]
[2022.07.21-20.37.16:810][  0]LogConfig: Setting CVar [[r.DistanceFieldAO:1]]
[2022.07.21-20.37.16:810][  0]LogConfig: Setting CVar [[r.AOQuality:2]]
[2022.07.21-20.37.16:810][  0]LogConfig: Setting CVar [[r.VolumetricFog:1]]
[2022.07.21-20.37.16:810][  0]LogConfig: Setting CVar [[r.VolumetricFog.GridPixelSize:8]]
[2022.07.21-20.37.16:810][  0]LogConfig: Setting CVar [[r.VolumetricFog.GridSizeZ:128]]
[2022.07.21-20.37.16:810][  0]LogConfig: Setting CVar [[r.VolumetricFog.HistoryMissSupersampleCount:4]]
[2022.07.21-20.37.16:810][  0]LogConfig: Setting CVar [[r.LightMaxDrawDistanceScale:1]]
[2022.07.21-20.37.16:810][  0]LogConfig: Setting CVar [[r.CapsuleShadows:1]]
[2022.07.21-20.37.16:810][  0]LogConfig: Applying CVar settings from Section [PostProcessQuality@3] File [C:/Users/teste/Documents/Unreal Projects/LittleRide/Saved/Config/Windows/Scalability.ini]
[2022.07.21-20.37.16:810][  0]LogConfig: Setting CVar [[r.MotionBlurQuality:4]]
[2022.07.21-20.37.16:810][  0]LogConfig: Setting CVar [[r.AmbientOcclusionMipLevelFactor:0.4]]
[2022.07.21-20.37.16:810][  0]LogConfig: Setting CVar [[r.AmbientOcclusionMaxQuality:100]]
[2022.07.21-20.37.16:810][  0]LogConfig: Setting CVar [[r.AmbientOcclusionLevels:-1]]
[2022.07.21-20.37.16:810][  0]LogConfig: Setting CVar [[r.AmbientOcclusionRadiusScale:1.0]]
[2022.07.21-20.37.16:810][  0]LogConfig: Setting CVar [[r.DepthOfFieldQuality:2]]
[2022.07.21-20.37.16:810][  0]LogConfig: Setting CVar [[r.RenderTargetPoolMin:400]]
[2022.07.21-20.37.16:810][  0]LogConfig: Setting CVar [[r.LensFlareQuality:2]]
[2022.07.21-20.37.16:810][  0]LogConfig: Setting CVar [[r.SceneColorFringeQuality:1]]
[2022.07.21-20.37.16:810][  0]LogConfig: Setting CVar [[r.EyeAdaptationQuality:2]]
[2022.07.21-20.37.16:810][  0]LogConfig: Setting CVar [[r.BloomQuality:5]]
[2022.07.21-20.37.16:810][  0]LogConfig: Setting CVar [[r.FastBlurThreshold:100]]
[2022.07.21-20.37.16:810][  0]LogConfig: Setting CVar [[r.Upscale.Quality:3]]
[2022.07.21-20.37.16:810][  0]LogConfig: Setting CVar [[r.Tonemapper.GrainQuantization:1]]
[2022.07.21-20.37.16:810][  0]LogConfig: Setting CVar [[r.LightShaftQuality:1]]
[2022.07.21-20.37.16:810][  0]LogConfig: Setting CVar [[r.Filter.SizeScale:1]]
[2022.07.21-20.37.16:810][  0]LogConfig: Setting CVar [[r.Tonemapper.Quality:5]]
[2022.07.21-20.37.16:810][  0]LogConfig: Setting CVar [[r.DOF.Gather.AccumulatorQuality:1        ; higher gathering accumulator quality]]
[2022.07.21-20.37.16:810][  0]LogConfig: Setting CVar [[r.DOF.Gather.PostfilterMethod:1          ; Median3x3 postfilering method]]
[2022.07.21-20.37.16:810][  0]LogConfig: Setting CVar [[r.DOF.Gather.EnableBokehSettings:0       ; no bokeh simulation when gathering]]
[2022.07.21-20.37.16:810][  0]LogConfig: Setting CVar [[r.DOF.Gather.RingCount:4                 ; medium number of samples when gathering]]
[2022.07.21-20.37.16:810][  0]LogConfig: Setting CVar [[r.DOF.Scatter.ForegroundCompositing:1    ; additive foreground scattering]]
[2022.07.21-20.37.16:810][  0]LogConfig: Setting CVar [[r.DOF.Scatter.BackgroundCompositing:2    ; additive background scattering]]
[2022.07.21-20.37.16:810][  0]LogConfig: Setting CVar [[r.DOF.Scatter.EnableBokehSettings:1      ; bokeh simulation when scattering]]
[2022.07.21-20.37.16:810][  0]LogConfig: Setting CVar [[r.DOF.Scatter.MaxSpriteRatio:0.1         ; only a maximum of 10% of scattered bokeh]]
[2022.07.21-20.37.16:810][  0]LogConfig: Setting CVar [[r.DOF.Recombine.Quality:1                ; cheap slight out of focus]]
[2022.07.21-20.37.16:810][  0]LogConfig: Setting CVar [[r.DOF.Recombine.EnableBokehSettings:0    ; no bokeh simulation on slight out of focus]]
[2022.07.21-20.37.16:810][  0]LogConfig: Setting CVar [[r.DOF.TemporalAAQuality:1                ; more stable temporal accumulation]]
[2022.07.21-20.37.16:810][  0]LogConfig: Setting CVar [[r.DOF.Kernel.MaxForegroundRadius:0.025]]
[2022.07.21-20.37.16:810][  0]LogConfig: Setting CVar [[r.DOF.Kernel.MaxBackgroundRadius:0.025]]
[2022.07.21-20.37.16:811][  0]LogConfig: Applying CVar settings from Section [TextureQuality@3] File [C:/Users/teste/Documents/Unreal Projects/LittleRide/Saved/Config/Windows/Scalability.ini]
[2022.07.21-20.37.16:811][  0]LogConfig: Setting CVar [[r.Streaming.MipBias:0]]
[2022.07.21-20.37.16:811][  0]LogConfig: Setting CVar [[r.Streaming.AmortizeCPUToGPUCopy:0]]
[2022.07.21-20.37.16:811][  0]LogConfig: Setting CVar [[r.Streaming.MaxNumTexturesToStreamPerFrame:0]]
[2022.07.21-20.37.16:811][  0]LogConfig: Setting CVar [[r.Streaming.Boost:1]]
[2022.07.21-20.37.16:811][  0]LogConfig: Setting CVar [[r.MaxAnisotropy:8]]
[2022.07.21-20.37.16:811][  0]LogConfig: Setting CVar [[r.VT.MaxAnisotropy:8]]
[2022.07.21-20.37.16:811][  0]LogConfig: Setting CVar [[r.Streaming.LimitPoolSizeToVRAM:0]]
[2022.07.21-20.37.16:811][  0]LogConfig: Setting CVar [[r.Streaming.PoolSize:1000]]
[2022.07.21-20.37.16:811][  0]LogConfig: Setting CVar [[r.Streaming.MaxEffectiveScreenSize:0]]
[2022.07.21-20.37.16:811][  0]LogConfig: Applying CVar settings from Section [EffectsQuality@3] File [C:/Users/teste/Documents/Unreal Projects/LittleRide/Saved/Config/Windows/Scalability.ini]
[2022.07.21-20.37.16:811][  0]LogConfig: Setting CVar [[r.TranslucencyLightingVolumeDim:64]]
[2022.07.21-20.37.16:811][  0]LogConfig: Setting CVar [[r.RefractionQuality:2]]
[2022.07.21-20.37.16:811][  0]LogConfig: Setting CVar [[r.SSR.Quality:3]]
[2022.07.21-20.37.16:811][  0]LogConfig: Setting CVar [[r.SSR.HalfResSceneColor:0]]
[2022.07.21-20.37.16:811][  0]LogConfig: Setting CVar [[r.SceneColorFormat:4]]
[2022.07.21-20.37.16:811][  0]LogConfig: Setting CVar [[r.DetailMode:2]]
[2022.07.21-20.37.16:811][  0]LogConfig: Setting CVar [[r.TranslucencyVolumeBlur:1]]
[2022.07.21-20.37.16:811][  0]LogConfig: Setting CVar [[r.MaterialQualityLevel:1 ; High quality]]
[2022.07.21-20.37.16:811][  0]LogConfig: Setting CVar [[r.AnisotropicMaterials:1]]
[2022.07.21-20.37.16:811][  0]LogConfig: Setting CVar [[r.SSS.Scale:1]]
[2022.07.21-20.37.16:811][  0]LogConfig: Setting CVar [[r.SSS.SampleSet:2]]
[2022.07.21-20.37.16:811][  0]LogConfig: Setting CVar [[r.SSS.Quality:1]]
[2022.07.21-20.37.16:811][  0]LogConfig: Setting CVar [[r.SSS.HalfRes:0]]
[2022.07.21-20.37.16:811][  0]LogConfig: Setting CVar [[r.SSGI.Quality:3]]
[2022.07.21-20.37.16:811][  0]LogConfig: Setting CVar [[r.EmitterSpawnRateScale:1.0]]
[2022.07.21-20.37.16:811][  0]LogConfig: Setting CVar [[r.ParticleLightQuality:2]]
[2022.07.21-20.37.16:811][  0]LogConfig: Setting CVar [[r.SkyAtmosphere.AerialPerspectiveLUT.FastApplyOnOpaque:1 ; Always have FastSkyLUT 1 in this case to avoid wrong sky]]
[2022.07.21-20.37.16:811][  0]LogConfig: Setting CVar [[r.SkyAtmosphere.AerialPerspectiveLUT.SampleCountMaxPerSlice:4]]
[2022.07.21-20.37.16:811][  0]LogConfig: Setting CVar [[r.SkyAtmosphere.AerialPerspectiveLUT.DepthResolution:16.0]]
[2022.07.21-20.37.16:811][  0]LogConfig: Setting CVar [[r.SkyAtmosphere.FastSkyLUT:1]]
[2022.07.21-20.37.16:811][  0]LogConfig: Setting CVar [[r.SkyAtmosphere.FastSkyLUT.SampleCountMin:4.0]]
[2022.07.21-20.37.16:811][  0]LogConfig: Setting CVar [[r.SkyAtmosphere.FastSkyLUT.SampleCountMax:128.0]]
[2022.07.21-20.37.16:811][  0]LogConfig: Setting CVar [[r.SkyAtmosphere.SampleCountMin:4.0]]
[2022.07.21-20.37.16:811][  0]LogConfig: Setting CVar [[r.SkyAtmosphere.SampleCountMax:128.0]]
[2022.07.21-20.37.16:811][  0]LogConfig: Setting CVar [[r.SkyAtmosphere.TransmittanceLUT.UseSmallFormat:0]]
[2022.07.21-20.37.16:811][  0]LogConfig: Setting CVar [[r.SkyAtmosphere.TransmittanceLUT.SampleCount:10.0]]
[2022.07.21-20.37.16:811][  0]LogConfig: Setting CVar [[r.SkyAtmosphere.MultiScatteringLUT.SampleCount:15.0]]
[2022.07.21-20.37.16:811][  0]LogConfig: Setting CVar [[r.SkyLight.RealTimeReflectionCapture:1]]
[2022.07.21-20.37.16:811][  0]LogConfig: Setting CVar [[fx.Niagara.QualityLevel:3]]
[2022.07.21-20.37.16:811][  0]LogConfig: Applying CVar settings from Section [FoliageQuality@3] File [C:/Users/teste/Documents/Unreal Projects/LittleRide/Saved/Config/Windows/Scalability.ini]
[2022.07.21-20.37.16:811][  0]LogConfig: Setting CVar [[foliage.DensityScale:1.0]]
[2022.07.21-20.37.16:811][  0]LogConfig: Setting CVar [[grass.DensityScale:1.0]]
[2022.07.21-20.37.16:811][  0]LogConfig: Applying CVar settings from Section [ShadingQuality@3] File [C:/Users/teste/Documents/Unreal Projects/LittleRide/Saved/Config/Windows/Scalability.ini]
[2022.07.21-20.37.16:811][  0]LogConfig: Setting CVar [[r.HairStrands.SkyLighting.IntegrationType:2]]
[2022.07.21-20.37.16:811][  0]LogConfig: Setting CVar [[r.HairStrands.SkyAO.SampleCount:4]]
[2022.07.21-20.37.16:811][  0]LogConfig: Setting CVar [[r.HairStrands.Visibility.MSAA.SamplePerPixel:4]]
[2022.07.21-20.37.16:811][  0]LogConfig: Setting CVar [[r.HairStrands.Interpolation.UseSingleGuide:0]]
[2022.07.21-20.37.16:811][  0]LogConfig: Applying CVar settings from Section [Startup] File [../../../Engine/Config/ConsoleVariables.ini]
[2022.07.21-20.37.16:812][  0]LogConfig: Setting CVar [[net.UseAdaptiveNetUpdateFrequency:0]]
[2022.07.21-20.37.16:812][  0]LogConfig: Setting CVar [[p.chaos.AllowCreatePhysxBodies:1]]
[2022.07.21-20.37.16:812][  0]LogConfig: Setting CVar [[fx.SkipVectorVMBackendOptimizations:1]]
[2022.07.21-20.37.16:812][  0]LogConfig: Applying CVar settings from Section [ConsoleVariables] File [C:/Users/teste/Documents/Unreal Projects/LittleRide/Saved/Config/Windows/Engine.ini]
[2022.07.21-20.37.16:812][  0]LogConfig: Applying CVar settings from Section [ConsoleVariables] File [C:/Users/teste/Documents/Unreal Projects/LittleRide/Saved/Config/Windows/Editor.ini]
[2022.07.21-20.37.16:813][  0]LogInit: Computer: BLUETHUNDER
[2022.07.21-20.37.16:813][  0]LogInit: User: teste
[2022.07.21-20.37.16:813][  0]LogInit: CPU Page size=4096, Cores=4
[2022.07.21-20.37.16:813][  0]LogInit: High frequency timer resolution =10.000000 MHz
[2022.07.21-20.37.16:813][  0]LogMemory: Memory total: Physical=15.7GB (16GB approx)
[2022.07.21-20.37.16:813][  0]LogMemory: Platform Memory Stats for Windows
[2022.07.21-20.37.16:813][  0]LogMemory: Process Physical Memory: 145.17 MB used, 145.18 MB peak
[2022.07.21-20.37.16:813][  0]LogMemory: Process Virtual Memory: 115.56 MB used, 115.56 MB peak
[2022.07.21-20.37.16:813][  0]LogMemory: Physical Memory: 5537.81 MB used,  10537.58 MB free, 16075.39 MB total
[2022.07.21-20.37.16:813][  0]LogMemory: Virtual Memory: 134203808.00 MB used,  13919.59 MB free, 134217728.00 MB total
[2022.07.21-20.37.16:819][  0]LogWindows: WindowsPlatformFeatures enabled
[2022.07.21-20.37.17:098][  0]LogInit: Physics initialised using underlying interface: PhysX
[2022.07.21-20.37.17:101][  0]LogInit: Using OS detected language (en-US).
[2022.07.21-20.37.17:101][  0]LogInit: Using OS detected locale (en-US).
[2022.07.21-20.37.17:125][  0]LogTextLocalizationManager: No specific localization for 'en-US' exists, so the 'en' localization will be used.
[2022.07.21-20.37.17:455][  0]LogInit: Setting process to per monitor DPI aware
[2022.07.21-20.37.17:474][  0]LogWindowsTextInputMethodSystem: Display: IME system deactivated.
[2022.07.21-20.37.17:580][  0]LogSlate: New Slate User Created.  User Index 0, Is Virtual User: 0
[2022.07.21-20.37.17:580][  0]LogSlate: Slate User Registered.  User Index 0, Is Virtual User: 0
[2022.07.21-20.37.18:250][  0]LogD3D11RHI: Loaded GFSDK_Aftermath_Lib.x64.dll
[2022.07.21-20.37.18:257][  0]LogHMD: Failed to initialize OpenVR with code 110
[2022.07.21-20.37.18:257][  0]LogD3D11RHI: D3D11 min allowed feature level: 11_0
[2022.07.21-20.37.18:257][  0]LogD3D11RHI: D3D11 max allowed feature level: 11_0
[2022.07.21-20.37.18:257][  0]LogD3D11RHI: D3D11 adapters:
[2022.07.21-20.37.18:409][  0]LogD3D11RHI:    0. 'NVIDIA GeForce GTX 960' (Feature Level 11_0)
[2022.07.21-20.37.18:409][  0]LogD3D11RHI:       4053/0/8037 MB DedicatedVideo/DedicatedSystem/SharedSystem, Outputs:1, VendorId:0x10de
[2022.07.21-20.37.18:623][  0]LogD3D11RHI:    1. 'Intel(R) HD Graphics 630' (Feature Level 11_0)
[2022.07.21-20.37.18:623][  0]LogD3D11RHI:       128/0/8037 MB DedicatedVideo/DedicatedSystem/SharedSystem, Outputs:0, VendorId:0x8086
[2022.07.21-20.37.18:625][  0]LogD3D11RHI:    2. 'Microsoft Basic Render Driver' (Feature Level 11_0)
[2022.07.21-20.37.18:625][  0]LogD3D11RHI:       0/0/8037 MB DedicatedVideo/DedicatedSystem/SharedSystem, Outputs:0, VendorId:0x1414
[2022.07.21-20.37.18:625][  0]LogD3D11RHI: Chosen D3D11 Adapter:
[2022.07.21-20.37.18:625][  0]LogD3D11RHI:     Description : NVIDIA GeForce GTX 960
[2022.07.21-20.37.18:625][  0]LogD3D11RHI:     VendorId    : 10de
[2022.07.21-20.37.18:625][  0]LogD3D11RHI:     DeviceId    : 1401
[2022.07.21-20.37.18:625][  0]LogD3D11RHI:     SubSysId    : 39673842
[2022.07.21-20.37.18:625][  0]LogD3D11RHI:     Revision    : 00a1
[2022.07.21-20.37.18:625][  0]LogD3D11RHI:     DedicatedVideoMemory : 4250402816 bytes
[2022.07.21-20.37.18:625][  0]LogD3D11RHI:     DedicatedSystemMemory : 0 bytes
[2022.07.21-20.37.18:626][  0]LogD3D11RHI:     SharedSystemMemory : 8428134400 bytes
[2022.07.21-20.37.18:626][  0]LogD3D11RHI:     AdapterLuid : 0 57439
[2022.07.21-20.37.18:633][  0]LogD3D11RHI: Creating new Direct3DDevice
[2022.07.21-20.37.18:633][  0]LogD3D11RHI:     GPU DeviceId: 0x1401 (for the marketing name, search the web for "GPU Device Id")
[2022.07.21-20.37.18:633][  0]LogWindows: EnumDisplayDevices:
[2022.07.21-20.37.18:633][  0]LogWindows:    0. 'Intel(R) HD Graphics 630' (P:0 D:0)
[2022.07.21-20.37.18:634][  0]LogWindows:    1. 'Intel(R) HD Graphics 630' (P:0 D:0)
[2022.07.21-20.37.18:634][  0]LogWindows:    2. 'NVIDIA GeForce GTX 960' (P:1 D:1)
[2022.07.21-20.37.18:634][  0]LogWindows:    3. 'NVIDIA GeForce GTX 960' (P:0 D:0)
[2022.07.21-20.37.18:635][  0]LogWindows:    4. 'NVIDIA GeForce GTX 960' (P:0 D:0)
[2022.07.21-20.37.18:635][  0]LogWindows:    5. 'NVIDIA GeForce GTX 960' (P:0 D:0)
[2022.07.21-20.37.18:635][  0]LogWindows: DebugString: PrimaryIsNotTheChoosenAdapter PrimaryIsNotTheChoosenAdapter FoundDriverCount:4 
[2022.07.21-20.37.18:635][  0]LogD3D11RHI:     Adapter Name: NVIDIA GeForce GTX 960
[2022.07.21-20.37.18:636][  0]LogD3D11RHI:   Driver Version: 512.77 (internal:30.0.15.1277, unified:512.77)
[2022.07.21-20.37.18:636][  0]LogD3D11RHI:      Driver Date: 5-4-2022
[2022.07.21-20.37.18:637][  0]LogRHI: Texture pool is 2837 MB (70% of 4053 MB)
[2022.07.21-20.37.18:637][  0]LogD3D11RHI: Creating D3DDevice using adapter:
[2022.07.21-20.37.18:637][  0]LogD3D11RHI:     Description : NVIDIA GeForce GTX 960
[2022.07.21-20.37.18:637][  0]LogD3D11RHI:     VendorId    : 10de
[2022.07.21-20.37.18:637][  0]LogD3D11RHI:     DeviceId    : 1401
[2022.07.21-20.37.18:637][  0]LogD3D11RHI:     SubSysId    : 39673842
[2022.07.21-20.37.18:637][  0]LogD3D11RHI:     Revision    : 00a1
[2022.07.21-20.37.18:637][  0]LogD3D11RHI:     DedicatedVideoMemory : 4250402816 bytes
[2022.07.21-20.37.18:637][  0]LogD3D11RHI:     DedicatedSystemMemory : 0 bytes
[2022.07.21-20.37.18:637][  0]LogD3D11RHI:     SharedSystemMemory : 8428134400 bytes
[2022.07.21-20.37.18:637][  0]LogD3D11RHI:     AdapterLuid : 0 57439
[2022.07.21-20.37.19:099][  0]LogD3D11RHI: RHI has support for 64 bit atomics
[2022.07.21-20.37.19:099][  0]LogD3D11RHI: Async texture creation enabled
[2022.07.21-20.37.19:099][  0]LogD3D11RHI: Array index from any shader is supported
[2022.07.21-20.37.19:144][  0]LogD3D11RHI: GPU Timing Frequency: 1000.000000 (Debug: 2 1)
[2022.07.21-20.37.19:365][  0]LogRHI: GeForceNow SDK initialized: 1
[2022.07.21-20.37.19:824][  0]LogTargetPlatformManager: Display: Loaded TargetPlatform 'AllDesktop'
[2022.07.21-20.37.19:852][  0]LogTargetPlatformManager: Display: Loaded TargetPlatform 'Android'
[2022.07.21-20.37.19:852][  0]LogTargetPlatformManager: Display: Loaded TargetPlatform 'Android_ASTC'
[2022.07.21-20.37.19:852][  0]LogTargetPlatformManager: Display: Loaded TargetPlatform 'Android_DXT'
[2022.07.21-20.37.19:852][  0]LogTargetPlatformManager: Display: Loaded TargetPlatform 'Android_ETC2'
[2022.07.21-20.37.19:852][  0]LogTargetPlatformManager: Display: Loaded TargetPlatform 'AndroidClient'
[2022.07.21-20.37.19:852][  0]LogTargetPlatformManager: Display: Loaded TargetPlatform 'Android_ASTCClient'
[2022.07.21-20.37.19:852][  0]LogTargetPlatformManager: Display: Loaded TargetPlatform 'Android_DXTClient'
[2022.07.21-20.37.19:852][  0]LogTargetPlatformManager: Display: Loaded TargetPlatform 'Android_ETC2Client'
[2022.07.21-20.37.19:852][  0]LogTargetPlatformManager: Display: Loaded TargetPlatform 'Android_Multi'
[2022.07.21-20.37.19:853][  0]LogTargetPlatformManager: Display: Loaded TargetPlatform 'Android_MultiClient'
[2022.07.21-20.37.19:884][  0]LogTargetPlatformManager: Display: Loaded TargetPlatform 'IOSClient'
[2022.07.21-20.37.19:884][  0]LogTargetPlatformManager: Display: Loaded TargetPlatform 'IOS'
[2022.07.21-20.37.19:899][  0]LogTargetPlatformManager: Display: Loaded TargetPlatform 'Linux'
[2022.07.21-20.37.19:907][  0]LogTargetPlatformManager: Display: Loaded TargetPlatform 'LinuxNoEditor'
[2022.07.21-20.37.19:915][  0]LogTargetPlatformManager: Display: Loaded TargetPlatform 'LinuxClient'
[2022.07.21-20.37.19:923][  0]LogTargetPlatformManager: Display: Loaded TargetPlatform 'LinuxServer'
[2022.07.21-20.37.19:938][  0]LogTargetPlatformManager: Display: Loaded TargetPlatform 'LinuxAArch64NoEditor'
[2022.07.21-20.37.19:946][  0]LogTargetPlatformManager: Display: Loaded TargetPlatform 'LinuxAArch64Client'
[2022.07.21-20.37.19:954][  0]LogTargetPlatformManager: Display: Loaded TargetPlatform 'LinuxAArch64Server'
[2022.07.21-20.37.19:983][  0]LogTargetPlatformManager: Display: Loaded TargetPlatform 'Lumin'
[2022.07.21-20.37.19:983][  0]LogTargetPlatformManager: Display: Loaded TargetPlatform 'LuminClient'
[2022.07.21-20.37.19:996][  0]LogTargetPlatformManager: Display: Loaded TargetPlatform 'MacNoEditor'
[2022.07.21-20.37.20:004][  0]LogTargetPlatformManager: Display: Loaded TargetPlatform 'Mac'
[2022.07.21-20.37.20:011][  0]LogTargetPlatformManager: Display: Loaded TargetPlatform 'MacClient'
[2022.07.21-20.37.20:019][  0]LogTargetPlatformManager: Display: Loaded TargetPlatform 'MacServer'
[2022.07.21-20.37.20:033][  0]LogTargetPlatformManager: Display: Loaded TargetPlatform 'TVOSClient'
[2022.07.21-20.37.20:033][  0]LogTargetPlatformManager: Display: Loaded TargetPlatform 'TVOS'
[2022.07.21-20.37.20:046][  0]LogTargetPlatformManager: Display: Loaded TargetPlatform 'WindowsNoEditor'
[2022.07.21-20.37.20:055][  0]LogTargetPlatformManager: Display: Loaded TargetPlatform 'Windows'
[2022.07.21-20.37.20:063][  0]LogTargetPlatformManager: Display: Loaded TargetPlatform 'WindowsClient'
[2022.07.21-20.37.20:071][  0]LogTargetPlatformManager: Display: Loaded TargetPlatform 'WindowsServer'
[2022.07.21-20.37.20:071][  0]LogTargetPlatformManager: Display: Building Assets For Windows
[2022.07.21-20.37.20:125][  0]LogAudioDebug: Display: Lib vorbis DLL was dynamically loaded.
[2022.07.21-20.37.20:241][  0]LogTextureFormatOodle: Display: Oodle Texture 2.9.0 init RDO Off
[2022.07.21-20.37.20:434][  0]LogRendererCore: Ray tracing is disabled. Reason: r.RayTracing=0.
[2022.07.21-20.37.20:436][  0]LogShaderCompilers: Guid format shader working directory is -21 characters bigger than the processId version (../../../../../../Users/teste/Documents/Unreal Projects/LittleRide/Intermediate/Shaders/WorkingDirectory/12176/).
[2022.07.21-20.37.20:436][  0]LogShaderCompilers: Cleaned the shader compiler working directory 'C:/Users/teste/AppData/Local/Temp/UnrealShaderWorkingDir/3ABCB63E456A22678C2FB6BD33C71111/'.
[2022.07.21-20.37.20:437][  0]LogXGEController: Cannot use XGE Controller as Incredibuild is not installed on this machine.
[2022.07.21-20.37.20:437][  0]LogShaderCompilers: Cannot use XGE Shader Compiler as Incredibuild is not installed on this machine.
[2022.07.21-20.37.20:437][  0]LogShaderCompilers: Display: Using Local Shader Compiler.
[2022.07.21-20.37.21:569][  0]LogDerivedDataCache: Display: Max Cache Size: 512 MB
[2022.07.21-20.37.21:846][  0]LogDerivedDataCache: Loaded boot cache 0.28s 113MB C:/Users/teste/AppData/Local/UnrealEngine/4.27/DerivedDataCache/Boot.ddc.
[2022.07.21-20.37.21:846][  0]LogDerivedDataCache: Display: Loaded Boot cache: C:/Users/teste/AppData/Local/UnrealEngine/4.27/DerivedDataCache/Boot.ddc
[2022.07.21-20.37.21:846][  0]LogDerivedDataCache: FDerivedDataBackendGraph:  Pak pak cache file ../../../../../../Users/teste/Documents/Unreal Projects/LittleRide/DerivedDataCache/DDC.ddp not found, will not use a pak cache.
[2022.07.21-20.37.21:846][  0]LogDerivedDataCache: Unable to find inner node Pak for hierarchical cache Hierarchy.
[2022.07.21-20.37.21:846][  0]LogDerivedDataCache: FDerivedDataBackendGraph:  CompressedPak pak cache file ../../../../../../Users/teste/Documents/Unreal Projects/LittleRide/DerivedDataCache/Compressed.ddp not found, will not use a pak cache.
[2022.07.21-20.37.21:846][  0]LogDerivedDataCache: Unable to find inner node CompressedPak for hierarchical cache Hierarchy.
[2022.07.21-20.37.21:869][  0]LogDerivedDataCache: Display: Pak cache opened for reading ../../../Engine/DerivedDataCache/Compressed.ddp.
[2022.07.21-20.37.21:869][  0]LogDerivedDataCache: FDerivedDataBackendGraph:  EnterprisePak pak cache file ../../../Enterprise/DerivedDataCache/Compressed.ddp not found, will not use a pak cache.
[2022.07.21-20.37.21:869][  0]LogDerivedDataCache: Unable to find inner node EnterprisePak for hierarchical cache Hierarchy.
[2022.07.21-20.37.21:885][  0]LogDerivedDataCache: Speed tests for C:/Users/teste/AppData/Local/UnrealEngine/Common/DerivedDataCache took 0.02 seconds
[2022.07.21-20.37.21:885][  0]LogDerivedDataCache: Display: Performance to C:/Users/teste/AppData/Local/UnrealEngine/Common/DerivedDataCache: Latency=0.44ms. RandomReadSpeed=143.18MBs, RandomWriteSpeed=235.68MBs. Assigned SpeedClass 'Local'
[2022.07.21-20.37.21:889][  0]LogDerivedDataCache: Using Local data cache path C:/Users/teste/AppData/Local/UnrealEngine/Common/DerivedDataCache: Writable
[2022.07.21-20.37.21:889][  0]LogDerivedDataCache: Shared data cache path not found in *engine.ini, will not use an Shared cache.
[2022.07.21-20.37.21:889][  0]LogDerivedDataCache: Unable to find inner node Shared for hierarchical cache Hierarchy.
[2022.07.21-20.37.21:964][  0]LogSlate: Using FreeType 2.10.0
[2022.07.21-20.37.21:968][  0]LogSlate: SlateFontServices - WITH_FREETYPE: 1, WITH_HARFBUZZ: 1
[2022.07.21-20.37.22:038][  0]LogAssetRegistry: FAssetRegistry took 0.0061 seconds to start up
[2022.07.21-20.37.22:501][  0]LogInit: Selected Device Profile: [Windows]
[2022.07.21-20.37.22:501][  0]LogInit: Active device profile: [000001C3B5656A00][000001C3AE66F300 49] Windows
[2022.07.21-20.37.22:501][  0]LogInit: Profiles: [000001C3B5656A00][000001C3AE66F300 49] Windows, [000001C3B5616F00][000001C3AE677480 49] WindowsNoEditor, [000001C3B5657600][000001C3AE67B600 49] WindowsServer, [000001C3B5614B00][000001C3AE67F780 49] WindowsClient, [000001C3B5654B00][000001C3AE683900 49] IOS, [000001C3B5617D00][000001C3AE687A80 49] iPadAir, [000001C3B5656500][000001C3AE68BC00 49] iPadAir2, [000001C3B5556400][000001C3B4CD2340 49] IPadPro, [000001C3B5556500][000001C3B4CCE380 49] iPadAir3, [000001C3B5656800][000001C3B4CD6500 49] iPadAir4, [000001C3B5556B00][000001C3B4CDA680 49] iPadMini2, [000001C3B5654300][000001C3AE6727C0 49] iPadMini3, [000001C3B5557100][000001C3B4CDE900 49] iPadMini4, [000001C3B5657900][000001C3B4CE2A40 49] iPadMini5, [000001C3B5585D00][000001C3B14ECCC0 49] iPhone6, [000001C3B5585E00][000001C3B4CE6D00 49] iPodTouch6, [000001C3B5555C00][000001C3B14F4FC0 49] iPhone7, [000001C3B5555B00][000001C3B14F1000 49] iPodTouch7, [000001C3B5586500][000001C3B14F9180 49] iPhone5S, [000001C3B5556100][000001C3B14FD300 49] iPhone6Plus, [000001C3B5586A00][000001C3B1501480 49] iPhone6S, [000001C3B5554D00][000001C3B1505600 49] iPhone6SPlus, [000001C3B5584E00][000001C3B1509780 49] iPhone7Plus, [000001C3B5554C00][000001C3B150D900 49] iPhoneSE, [000001C3B5584F00][000001C3B1511A80 49] iPhone8, [000001C3B5554A00][000001C3B1515C00 49] iPhone8Plus, [000001C3B5586000][000001C3B1518200 49] iPhoneX, [000001C3B5556600][000001C3B151C380 49] iPhoneXS, [000001C3B5585C00][000001C3B1520500 49] iPhoneXSMax, [000001C3B5556F00][000001C3B1524680 49] iPhoneXR, [000001C3B5587E00][000001C3B1528800 49] iPhone11, [000001C3B5556700][000001C3B152C980 49] iPhone11Pro, [000001C3B5584200][000001C3B4CEAAC0 49] iPhone11ProMax, [000001C3B5556C00][000001C3B1530C00 49] iPhoneSE2, [000001C3B5587600][000001C3B1534D40 49] iPhone12Mini, [000001C3B5555500][000001C3B13BCEC0 49] iPhone12, [000001C3B5585200][000001C3B13C1040 49] iPhone12Pro, [000001C3B5557000][000001C3B13C51C0 49] iPhone12ProMax, [000001C3B5586400][000001C3B13C9340 49] iPadPro105, [000001C3B5555100][000001C3B13CD4C0 49] iPadPro129, [000001C3B5585400][000001C3B13D1640 49] iPadPro97, [000001C3B5554600][000001C3B13D57C0 49] iPadPro2_129, [000001C3B5584300][000001C3B13D9940 49] iPad5, [000001C3B5556000][000001C3B13DDAC0 49] iPad6, [000001C3B5587100][000001C3B13E00C0 49] iPad7, [000001C3B5557D00][000001C3B13E4240 49] iPad8, [000001C3B5586E00][000001C3B13E83C0 49] iPadPro11, [000001C3B5554300][000001C3B13EC540 49] iPadPro2_11, [000001C3B5617200][000001C3B13F06C0 49] iPadPro3_129, [000001C3B56B1300][000001C3B13F4840 49] iPadPro4_129, [000001C3B5614200][000001C3B13F89C0 49] AppleTV, [000001C3B56B1600][000001C3B13FCB40 49] AppleTV4K, [000001C3B5617000][000001C3B1538C80 49] TVOS, [000001C3B56B1400][000001C3B1400DC0 49] Mac, [000001C3B5616200][000001C3B1404F00 49] MacClient, [000001C3B56B0200][000001C3B1409040 49] MacNoEditor, [000001C3B5615F00][000001C3B14111C0 49] MacServer, [000001C3B56B1200][000001C3B1415340 49] Linux, [000001C3B5615500][000001C3B14194C0 49] LinuxAArch64, [000001C3B56B0300][000001C3B141D640 49] LinuxNoEditor, [000001C3B5617100][000001C3B14217C0 49] LinuxAArch64NoEditor, [000001C3B56B0B00][000001C3B1425940 49] LinuxClient, [000001C3B5554200][000001C3B1429AC0 49] LinuxAArch64Client, [000001C3B5587900][000001C3B142C0C0 49] LinuxServer, [000001C3B5555800][000001C3B1430240 49] LinuxAArch64Server, [000001C3B5584700][000001C3B14343C0 49] Android, [000001C3B5557200][000001C3B1438540 49] Android_Low, [000001C3B5584500][000001C3B143C6C0 49] Android_Mid, [000001C3B5554500][000001C3B1440840 49] Android_High, [000001C3B5587B00][000001C3B14449C0 49] Android_Default, [000001C3B5554900][000001C3B1448B40 49] Android_Adreno4xx, [000001C3B5587700][000001C3B144CCC0 49] Android_Adreno5xx_Low, [000001C3B5555D00][000001C3B140CE00 49] Android_Adreno5xx, [000001C3B5585000][000001C3B1450F40 49] Android_Adreno6xx, [000001C3B5556300][000001C3B1455080 49] Android_Adreno6xx_Vulkan, [000001C3B5587000][000001C3B14591C0 49] Android_Mali_T6xx, [000001C3B5555F00][000001C3B1461340 49] Android_Mali_T7xx, [000001C3B56B2000][000001C3B14654C0 49] Android_Mali_T8xx, [000001C3B5555000][000001C3B1469640 49] Android_Mali_G71, [000001C3B56B1F00][000001C3B146D7C0 49] Android_Mali_G72, [000001C3B5556800][000001C3B1471940 49] Android_Mali_G72_Vulkan, [000001C3B56B1C00][000001C3B1475AC0 49] Android_Mali_G76, [000001C3B5554B00][000001C3B14780C0 49] Android_Mali_G76_Vulkan, [000001C3B56B0700][000001C3B147C240 49] Android_Mali_G77, [000001C3B5557400][000001C3B14803C0 49] Android_Mali_G77_Vulkan, [000001C3B5584A00][000001C3B1484540 49] Android_Mali_G78, [000001C3B5555A00][000001C3B14886C0 49] Android_Mali_G78_Vulkan, [000001C3B5585100][000001C3B148C840 49] Android_Mali_G710, [000001C3B5557900][000001C3AE5109C0 49] Android_Mali_G710_Vulkan, [000001C3B5585600][000001C3AE514B40 49] Android_Vulkan_SM5, [000001C3B5556D00][000001C3AE518CC0 49] Android_PowerVR_G6xxx, [000001C3B5586800][000001C3AE51CE40 49] Android_PowerVR_GT7xxx, [000001C3B5555600][000001C3AE520FC0 49] Android_PowerVR_GE8xxx, [000001C3B5587C00][000001C3B145D100 49] Android_PowerVR_GM9xxx, [000001C3B5554E00][000001C3AE525240 49] Android_PowerVR_GM9xxx_Vulkan, [000001C3B5586300][000001C3AE529380 49] Android_TegraK1, [000001C3B5557C00][000001C3AE531500 49] Android_Unknown_Vulkan, [000001C3B5586B00][000001C3AE535680 49] Lumin, [000001C3B5557800][000001C3AE539800 49] Lumin_Desktop, [000001C3B5584D00][000001C3AE53D980 49] HoloLens, 
[2022.07.21-20.37.22:891][  0]LogMeshReduction: Using QuadricMeshReduction for automatic static mesh reduction
[2022.07.21-20.37.22:891][  0]LogMeshReduction: Using SimplygonMeshReduction for automatic skeletal mesh reduction
[2022.07.21-20.37.22:891][  0]LogMeshReduction: Using ProxyLODMeshReduction for automatic mesh merging
[2022.07.21-20.37.22:891][  0]LogMeshReduction: No distributed automatic mesh merging module available
[2022.07.21-20.37.22:892][  0]LogMeshMerging: No distributed automatic mesh merging module available
[2022.07.21-20.37.22:949][  0]LogNetVersion: LittleRide 1.0.0, NetCL: 17155196, EngineNetVer: 17, GameNetVer: 0 (Checksum: 1689237761)
[2022.07.21-20.37.24:065][  0]LogTexture: Default maximum texture size for cubemaps generated from long-lat sources has been changed from 512 to unlimited. In order to preserve old behaiour for '/Engine/MapTemplates/Sky/DaylightAmbientCubemap.DaylightAmbientCubemap', its maximum texture size has been explicitly set to 512.
[2022.07.21-20.37.24:267][  0]LogHMD: PokeAHoleMaterial loaded successfully
[2022.07.21-20.37.24:275][  0]LogUObjectArray: 18050 objects as part of root set at end of initial load.
[2022.07.21-20.37.24:275][  0]LogUObjectAllocator: 4611168 out of 0 bytes used by permanent object pool.
[2022.07.21-20.37.24:275][  0]LogUObjectArray: CloseDisregardForGC: 0/0 objects in disregard for GC pool
[2022.07.21-20.37.25:275][  0]LogNiagaraDebuggerClient: Niagara Debugger Client Initialized | Session: 51BBE52844090BD4BF420D8502760508 | Instance: 37E8531444DCD1D85CC97A90A273312A (BLUETHUNDER-12176).
[2022.07.21-20.37.25:727][  0]LogPython: Using Python 3.7.7
[2022.07.21-20.37.26:505][  0]LogUdpMessaging: Initializing bridge on interface 0.0.0.0:0 to multicast group 230.0.0.1:6666.
[2022.07.21-20.37.26:519][  0]LogTcpMessaging: Initializing TcpMessaging bridge
[2022.07.21-20.37.27:020][  0]SourceControl: Source control is disabled
[2022.07.21-20.37.27:020][  0]SourceControl: Source control is disabled
[2022.07.21-20.37.27:045][  0]SourceControl: Source control is disabled
[2022.07.21-20.37.27:063][  0]SourceControl: Source control is disabled
[2022.07.21-20.37.27:092][  0]SourceControl: Source control is disabled
[2022.07.21-20.37.27:106][  0]LogUProjectInfo: Found projects:
[2022.07.21-20.37.27:664][  0]LogTexture: Default maximum texture size for cubemaps generated from long-lat sources has been changed from 512 to unlimited. In order to preserve old behaiour for '/Engine/EditorMaterials/AssetViewer/EpicQuadPanorama_CC+EV1.EpicQuadPanorama_CC+EV1', its maximum texture size has been explicitly set to 512.
[2022.07.21-20.37.28:354][  0]LogOpenImageDenoise: OIDN starting up
[2022.07.21-20.37.28:389][  0]LogAndroidPermission: UAndroidPermissionCallbackProxy::GetInstance
[2022.07.21-20.37.28:434][  0]LogAudioCaptureCore: Display: No Audio Capture implementations found. Audio input will be silent.
[2022.07.21-20.37.28:434][  0]LogAudioCaptureCore: Display: No Audio Capture implementations found. Audio input will be silent.
[2022.07.21-20.37.28:828][  0]LogCollectionManager: Loaded 0 collections in 0.001842 seconds
[2022.07.21-20.37.28:844][  0]LogFileCache: Scanning file cache for directory 'C:/Users/teste/Documents/Unreal Projects/LittleRide/Saved/Collections/' took 0.00s
[2022.07.21-20.37.28:844][  0]LogFileCache: Scanning file cache for directory 'C:/Users/teste/Documents/Unreal Projects/LittleRide/Content/Developers/teste/Collections/' took 0.00s
[2022.07.21-20.37.28:844][  0]LogFileCache: Scanning file cache for directory 'C:/Users/teste/Documents/Unreal Projects/LittleRide/Content/Collections/' took 0.00s
[2022.07.21-20.37.28:901][  0]LogOcInput: OculusInput pre-init called
[2022.07.21-20.37.29:282][  0]LogClass: Display: IntProperty FPhysicsConvexData::NumVertices is not initialized properly. Module:MeshModelingTools File:Public/Physics/CollisionPropertySets.h
[2022.07.21-20.37.29:282][  0]LogClass: Display: IntProperty FPhysicsConvexData::NumFaces is not initialized properly. Module:MeshModelingTools File:Public/Physics/CollisionPropertySets.h
[2022.07.21-20.37.29:282][  0]LogClass: Display: FloatProperty FPhysicsCapsuleData::Radius is not initialized properly. Module:MeshModelingTools File:Public/Physics/CollisionPropertySets.h
[2022.07.21-20.37.29:282][  0]LogClass: Display: FloatProperty FPhysicsCapsuleData::Length is not initialized properly. Module:MeshModelingTools File:Public/Physics/CollisionPropertySets.h
[2022.07.21-20.37.29:282][  0]LogClass: Display: StructProperty FPhysicsBoxData::Dimensions is not initialized properly. Module:MeshModelingTools File:Public/Physics/CollisionPropertySets.h
[2022.07.21-20.37.29:282][  0]LogClass: Display: FloatProperty FPhysicsSphereData::Radius is not initialized properly. Module:MeshModelingTools File:Public/Physics/CollisionPropertySets.h
[2022.07.21-20.37.29:282][  0]LogClass: Display: EnumProperty FLODLevelGenerateSettings::TargetMode is not initialized properly. Module:MeshModelingToolsEditorOnly File:Public/GenerateLODMeshesTool.h
[2022.07.21-20.37.29:282][  0]LogClass: Display: IntProperty FLODLevelGenerateSettings::TargetPercentage is not initialized properly. Module:MeshModelingToolsEditorOnly File:Public/GenerateLODMeshesTool.h
[2022.07.21-20.37.29:282][  0]LogClass: Display: IntProperty FLODLevelGenerateSettings::TargetCount is not initialized properly. Module:MeshModelingToolsEditorOnly File:Public/GenerateLODMeshesTool.h
[2022.07.21-20.37.29:283][  0]LogClass: Display: 9 Uninitialized script struct members found including 0 object properties
[2022.07.21-20.37.29:288][  0]LogEngine: Initializing Engine...
[2022.07.21-20.37.29:311][  0]LogHMD: Failed to enumerate extensions. Please check that you have a valid OpenXR runtime installed.
[2022.07.21-20.37.29:312][  0]LogHMD: Failed to initialize OpenVR with code 110
[2022.07.21-20.37.29:312][  0]LogMagicLeap: Warning: VR disabled because ZI is not enabled.  To enable, in the editor, Edit -> Project Settings -> Plugins -> Magic Leap Plugin -> Enable Zero Iteration
[2022.07.21-20.37.29:314][  0]LogStylusInput: Initializing StylusInput subsystem.
[2022.07.21-20.37.29:318][  0]LogStats: UGameplayTagsManager::InitializeManager -  0.001 s
[2022.07.21-20.37.29:501][  0]LogInit: Initializing FReadOnlyCVARCache
[2022.07.21-20.37.29:537][  0]LogAIModule: Creating AISystem for world Untitled
[2022.07.21-20.37.29:544][  0]LogAudio: Display: Initializing Audio Device Manager...
[2022.07.21-20.37.29:552][  0]LogAudio: Display: Loading Default Audio Settings Objects...
[2022.07.21-20.37.29:553][  0]LogAudio: Display: No default SoundConcurrencyObject specified (or failed to load).
[2022.07.21-20.37.29:555][  0]LogAudio: Display: Audio Device Manager Initialized
[2022.07.21-20.37.29:555][  0]LogAudio: Display: Creating Audio Device:                 Id: 1, Scope: Shared, Realtime: True
[2022.07.21-20.37.29:556][  0]LogAudioMixer: Display: Audio Mixer Platform Settings:
[2022.07.21-20.37.29:556][  0]LogAudioMixer: Display: 	Sample Rate:						  48000
[2022.07.21-20.37.29:556][  0]LogAudioMixer: Display: 	Callback Buffer Frame Size Requested: 1024
[2022.07.21-20.37.29:556][  0]LogAudioMixer: Display: 	Callback Buffer Frame Size To Use:	  1024
[2022.07.21-20.37.29:556][  0]LogAudioMixer: Display: 	Number of buffers to queue:			  2
[2022.07.21-20.37.29:556][  0]LogAudioMixer: Display: 	Max Channels (voices):				  32
[2022.07.21-20.37.29:556][  0]LogAudioMixer: Display: 	Number of Async Source Workers:		  0
[2022.07.21-20.37.29:556][  0]LogAudio: Display: AudioDevice MaxSources: 32
[2022.07.21-20.37.29:557][  0]LogAudio: Display: Audio Spatialization Plugin: None (built-in).
[2022.07.21-20.37.29:557][  0]LogAudio: Display: Audio Reverb Plugin: None (built-in).
[2022.07.21-20.37.29:557][  0]LogAudio: Display: Audio Occlusion Plugin: None (built-in).
[2022.07.21-20.37.29:557][  0]LogAudioMixer: Display: Initializing audio mixer.
[2022.07.21-20.37.29:597][  0]LogAudioMixer: Display: 0: FrontLeft
[2022.07.21-20.37.29:597][  0]LogAudioMixer: Display: 1: FrontRight
[2022.07.21-20.37.29:631][  0]LogAudioMixer: Display: Using Audio Device Speakers (Realtek High Definition Audio)
[2022.07.21-20.37.29:634][  0]LogAudioMixer: Display: Initializing Sound Submixes...
[2022.07.21-20.37.29:638][  0]LogAudioMixer: Display: Creating Master Submix 'MasterSubmixDefault'
[2022.07.21-20.37.29:639][  0]LogAudioMixer: Display: Creating Master Submix 'MasterReverbSubmixDefault'
[2022.07.21-20.37.29:640][  0]LogAudioMixer: Display: Creating Master Submix 'MasterEQSubmixDefault'
[2022.07.21-20.37.29:641][  0]LogAudioMixer: FMixerPlatformXAudio2::StartAudioStream() called
[2022.07.21-20.37.29:641][  0]LogAudioMixer: Display: Output buffers initialized: Frames=1024, Channels=2, Samples=2048
[2022.07.21-20.37.29:643][  0]LogAudioMixer: Display: Starting AudioMixerPlatformInterface::RunInternal()
[2022.07.21-20.37.29:643][  0]LogAudioMixer: Display: FMixerPlatformXAudio2::SubmitBuffer() called for the first time
[2022.07.21-20.37.29:643][  0]LogInit: FAudioDevice initialized.
[2022.07.21-20.37.29:644][  0]LogAudio: Display: Audio Device (ID: 1) registered with world 'Untitled'.
[2022.07.21-20.37.29:644][  0]LogNetVersion: Set ProjectVersion to 1.0.0.0. Version Checksum will be recalculated on next use.
[2022.07.21-20.37.29:786][  0]LogDerivedDataCache: Saved boot cache 0.14s 113MB C:/Users/teste/AppData/Local/UnrealEngine/4.27/DerivedDataCache/Boot.ddc.
[2022.07.21-20.37.29:786][  0]LogInit: Texture streaming: Enabled
[2022.07.21-20.37.29:813][  0]LogAnalytics: Display: [UEEditor.Rocket.Release] APIServer = https://datarouter.ol.epicgames.com/. AppVersion = 4.27.2-18319896+++UE4+Release-4.27
[2022.07.21-20.37.29:824][  0]LogEngineSessionManager: EngineSessionManager initialized
[2022.07.21-20.37.29:824][  0]LogEditorSessionSummary: Verbose: Initializing EditorSessionSummaryWriter for editor session tracking
[2022.07.21-20.37.29:839][  0]LogEditorSessionSummary: EditorSessionSummaryWriter initialized
[2022.07.21-20.37.29:883][  0]LogInit: Transaction tracking system initialized
[2022.07.21-20.37.29:944][  0]BlueprintLog: New page: Editor Load
[2022.07.21-20.37.30:135][  0]LocalizationService: Localization service is disabled
[2022.07.21-20.37.30:226][  0]TimingProfiler: Initialize
[2022.07.21-20.37.30:228][  0]TimingProfiler: OnSessionChanged
[2022.07.21-20.37.30:229][  0]LoadingProfiler: Initialize
[2022.07.21-20.37.30:229][  0]LoadingProfiler: OnSessionChanged
[2022.07.21-20.37.30:229][  0]NetworkingProfiler: Initialize
[2022.07.21-20.37.30:230][  0]NetworkingProfiler: OnSessionChanged
[2022.07.21-20.37.30:230][  0]MemoryProfiler: Initialize
[2022.07.21-20.37.30:230][  0]MemoryProfiler: OnSessionChanged
[2022.07.21-20.37.30:650][  0]LogCook: Display: CookSettings for Memory: MemoryMaxUsedVirtual 0MiB, MemoryMaxUsedPhysical 16384MiB, MemoryMinFreeVirtual 0MiB, MemoryMinFreePhysical 1024MiB
[2022.07.21-20.37.30:651][  0]LogCook: Display: Mobile HDR setting 1
[2022.07.21-20.37.31:047][  0]LogFileCache: Scanning file cache for directory 'C:/Users/teste/Documents/Unreal Projects/LittleRide/Content/' took 0.02s
[2022.07.21-20.37.31:494][  0]LogInit: Display: Engine is initialized. Leaving FEngineLoop::Init()
[2022.07.21-20.37.31:507][  0]SourceControl: Source control is disabled
[2022.07.21-20.37.31:507][  0]LogUnrealEdMisc: Loading editor; pre map load, took 21.412
[2022.07.21-20.37.31:508][  0]Cmd: MAP LOAD FILE="../../../../../../Users/teste/Documents/Unreal Projects/LittleRide/Content/PolygonTown/Maps/Demonstration.umap" TEMPLATE=0 SHOWPROGRESS=1 FEATURELEVEL=3
[2022.07.21-20.37.31:509][  0]LightingResults: New page: Lighting Build
[2022.07.21-20.37.31:515][  0]LogWorld: UWorld::CleanupWorld for Untitled, bSessionEnded=true, bCleanupResources=true
[2022.07.21-20.37.31:516][  0]LogSlate: InvalidateAllWidgets triggered.  All widgets were invalidated
[2022.07.21-20.37.31:517][  0]MapCheck: New page: Map Check
[2022.07.21-20.37.31:518][  0]LightingResults: New page: Lighting Build
[2022.07.21-20.37.31:528][  0]LogAudio: Display: Audio Device unregistered from world 'None'.
[2022.07.21-20.37.31:534][  0]LogUObjectHash: Compacting FUObjectHashTables data took   0.88ms
[2022.07.21-20.37.32:310][  0]LogBlueprint: Warning: [AssetLog] C:\Users\teste\Documents\Unreal Projects\LittleRide\Content\DriveableCar_basic\Blueprints\VRCharacter.uasset: [Compiler] InputAction Event references unknown Action 'ResetVR' for  InputAction ResetVR
[2022.07.21-20.37.32:310][  0]LogBlueprint: Warning: [AssetLog] C:\Users\teste\Documents\Unreal Projects\LittleRide\Content\DriveableCar_basic\Blueprints\VRCharacter.uasset: [Compiler] InputAction Event references unknown Action 'Jump' for  InputAction Jump
[2022.07.21-20.37.33:840][  0]LogSkeletalMesh: Display: [AssetLog] C:\Users\teste\Documents\Unreal Projects\LittleRide\Content\DriveableCar_basic\Meshes\SUV\SUV_LOD0.uasset: Find and fix some bad tangent! please re-import this skeletal mesh asset to fix the issue. The shading of the skeletal mesh will be bad and faceted.
[2022.07.21-20.37.35:950][  0]LogSkeletalMesh: Display: [AssetLog] C:\Users\teste\Documents\Unreal Projects\LittleRide\Content\PolygonTown\Meshes\Vehicles\SM_Veh_Truck_Delivery_01.uasset: Find and fix some bad tangent! please re-import this skeletal mesh asset to fix the issue. The shading of the skeletal mesh will be bad and faceted.
[2022.07.21-20.37.35:960][  0]LogSkeletalMesh: Display: [AssetLog] C:\Users\teste\Documents\Unreal Projects\LittleRide\Content\PolygonTown\Meshes\Vehicles\SK_Veh_Pickup_01.uasset: Find and fix some bad tangent! please re-import this skeletal mesh asset to fix the issue. The shading of the skeletal mesh will be bad and faceted.
[2022.07.21-20.37.36:280][  0]LogAudio: Display: Audio Device (ID: 1) registered with world 'Demonstration'.
[2022.07.21-20.37.36:282][  0]LogAIModule: Creating AISystem for world Demonstration
[2022.07.21-20.37.36:510][  0]LogEditorServer: Finished looking for orphan Actors (0.000 secs)
[2022.07.21-20.37.36:580][  0]LogUObjectHash: Compacting FUObjectHashTables data took   1.71ms
[2022.07.21-20.37.36:582][  0]Cmd: MAP CHECKDEP NOCLEARLOG
[2022.07.21-20.37.36:583][  0]MapCheck: Map check complete: 0 Error(s), 0 Warning(s), took 0.814ms to complete.
[2022.07.21-20.37.36:583][  0]LogFileHelpers: Loading map 'Demonstration' took 5.075
[2022.07.21-20.37.36:610][  0]LogUnrealEdMisc: Total Editor Startup Time, took 26.515
[2022.07.21-20.37.36:764][  0]LogSlate: Updating window title bar state: overlay mode, drag disabled, window buttons hidden, title bar hidden
[2022.07.21-20.37.36:804][  0]LogNativeClassHierarchy: Verbose: Native class hierarchy populated in 0.0117 seconds. Added 4374 classes and 998 folders.
[2022.07.21-20.37.36:810][  0]LogNativeClassHierarchy: Verbose: Native class hierarchy updated for 'WidgetCarousel' in 0.0003 seconds. Added 0 classes and 0 folders.
[2022.07.21-20.37.36:816][  0]LogPakFile: PakFile PrimaryIndexSize=187
[2022.07.21-20.37.36:816][  0]LogPakFile: PakFile PathHashIndexSize=101
[2022.07.21-20.37.36:816][  0]LogPakFile: PakFile FullDirectoryIndexSize=148
[2022.07.21-20.37.36:816][  0]LogShaderLibrary: Display: ShaderCodeLibraryPakFileMountedCallback: PakFile 'C:/Program Files/Epic Games/UE_4.27/FeaturePacks/FP_FirstPerson.upack' (chunk index -1, root 'root:/') mounted
[2022.07.21-20.37.36:816][  0]LogShaderLibrary: Display: ShaderCodeLibraryPakFileMountedCallback: pending pak file info (ChunkID:-1 Root:root:/ File:C:/Program Files/Epic Games/UE_4.27/FeaturePacks/FP_FirstPerson.upack)
[2022.07.21-20.37.36:816][  0]LogPakFile: OnPakFileMounted2Time == 0.000075
[2022.07.21-20.37.36:819][  0]LogPakFile: PakFile PrimaryIndexSize=189
[2022.07.21-20.37.36:819][  0]LogPakFile: PakFile PathHashIndexSize=101
[2022.07.21-20.37.36:819][  0]LogPakFile: PakFile FullDirectoryIndexSize=152
[2022.07.21-20.37.36:819][  0]LogShaderLibrary: Display: ShaderCodeLibraryPakFileMountedCallback: PakFile 'C:/Program Files/Epic Games/UE_4.27/FeaturePacks/FP_FirstPersonBP.upack' (chunk index -1, root 'root:/') mounted
[2022.07.21-20.37.36:819][  0]LogShaderLibrary: Display: ShaderCodeLibraryPakFileMountedCallback: pending pak file info (ChunkID:-1 Root:root:/ File:C:/Program Files/Epic Games/UE_4.27/FeaturePacks/FP_FirstPersonBP.upack)
[2022.07.21-20.37.36:819][  0]LogPakFile: OnPakFileMounted2Time == 0.000056
[2022.07.21-20.37.36:821][  0]LogPakFile: PakFile PrimaryIndexSize=191
[2022.07.21-20.37.36:821][  0]LogPakFile: PakFile PathHashIndexSize=101
[2022.07.21-20.37.36:821][  0]LogPakFile: PakFile FullDirectoryIndexSize=160
[2022.07.21-20.37.36:822][  0]LogShaderLibrary: Display: ShaderCodeLibraryPakFileMountedCallback: PakFile 'C:/Program Files/Epic Games/UE_4.27/FeaturePacks/MobileStarterContent.upack' (chunk index -1, root 'root:/') mounted
[2022.07.21-20.37.36:822][  0]LogShaderLibrary: Display: ShaderCodeLibraryPakFileMountedCallback: pending pak file info (ChunkID:-1 Root:root:/ File:C:/Program Files/Epic Games/UE_4.27/FeaturePacks/MobileStarterContent.upack)
[2022.07.21-20.37.36:822][  0]LogPakFile: OnPakFileMounted2Time == 0.000054
[2022.07.21-20.37.36:823][  0]LogPakFile: PakFile PrimaryIndexSize=185
[2022.07.21-20.37.36:823][  0]LogPakFile: PakFile PathHashIndexSize=101
[2022.07.21-20.37.36:823][  0]LogPakFile: PakFile FullDirectoryIndexSize=148
[2022.07.21-20.37.36:823][  0]LogShaderLibrary: Display: ShaderCodeLibraryPakFileMountedCallback: PakFile 'C:/Program Files/Epic Games/UE_4.27/FeaturePacks/StarterContent.upack' (chunk index -1, root 'root:/') mounted
[2022.07.21-20.37.36:823][  0]LogShaderLibrary: Display: ShaderCodeLibraryPakFileMountedCallback: pending pak file info (ChunkID:-1 Root:root:/ File:C:/Program Files/Epic Games/UE_4.27/FeaturePacks/StarterContent.upack)
[2022.07.21-20.37.36:823][  0]LogPakFile: OnPakFileMounted2Time == 0.000054
[2022.07.21-20.37.36:825][  0]LogPakFile: PakFile PrimaryIndexSize=190
[2022.07.21-20.37.36:825][  0]LogPakFile: PakFile PathHashIndexSize=101
[2022.07.21-20.37.36:825][  0]LogPakFile: PakFile FullDirectoryIndexSize=154
[2022.07.21-20.37.36:825][  0]LogShaderLibrary: Display: ShaderCodeLibraryPakFileMountedCallback: PakFile 'C:/Program Files/Epic Games/UE_4.27/FeaturePacks/TP_2DSideScroller.upack' (chunk index -1, root 'root:/') mounted
[2022.07.21-20.37.36:825][  0]LogShaderLibrary: Display: ShaderCodeLibraryPakFileMountedCallback: pending pak file info (ChunkID:-1 Root:root:/ File:C:/Program Files/Epic Games/UE_4.27/FeaturePacks/TP_2DSideScroller.upack)
[2022.07.21-20.37.36:825][  0]LogPakFile: OnPakFileMounted2Time == 0.000051
[2022.07.21-20.37.36:827][  0]LogPakFile: PakFile PrimaryIndexSize=192
[2022.07.21-20.37.36:827][  0]LogPakFile: PakFile PathHashIndexSize=101
[2022.07.21-20.37.36:827][  0]LogPakFile: PakFile FullDirectoryIndexSize=158
[2022.07.21-20.37.36:827][  0]LogShaderLibrary: Display: ShaderCodeLibraryPakFileMountedCallback: PakFile 'C:/Program Files/Epic Games/UE_4.27/FeaturePacks/TP_2DSideScrollerBP.upack' (chunk index -1, root 'root:/') mounted
[2022.07.21-20.37.36:827][  0]LogShaderLibrary: Display: ShaderCodeLibraryPakFileMountedCallback: pending pak file info (ChunkID:-1 Root:root:/ File:C:/Program Files/Epic Games/UE_4.27/FeaturePacks/TP_2DSideScrollerBP.upack)
[2022.07.21-20.37.36:827][  0]LogPakFile: OnPakFileMounted2Time == 0.000053
[2022.07.21-20.37.36:829][  0]LogPakFile: PakFile PrimaryIndexSize=182
[2022.07.21-20.37.36:829][  0]LogPakFile: PakFile PathHashIndexSize=101
[2022.07.21-20.37.36:829][  0]LogPakFile: PakFile FullDirectoryIndexSize=138
[2022.07.21-20.37.36:829][  0]LogShaderLibrary: Display: ShaderCodeLibraryPakFileMountedCallback: PakFile 'C:/Program Files/Epic Games/UE_4.27/FeaturePacks/TP_Flying.upack' (chunk index -1, root 'root:/') mounted
[2022.07.21-20.37.36:829][  0]LogShaderLibrary: Display: ShaderCodeLibraryPakFileMountedCallback: pending pak file info (ChunkID:-1 Root:root:/ File:C:/Program Files/Epic Games/UE_4.27/FeaturePacks/TP_Flying.upack)
[2022.07.21-20.37.36:829][  0]LogPakFile: OnPakFileMounted2Time == 0.000051
[2022.07.21-20.37.36:830][  0]LogPakFile: PakFile PrimaryIndexSize=184
[2022.07.21-20.37.36:830][  0]LogPakFile: PakFile PathHashIndexSize=101
[2022.07.21-20.37.36:830][  0]LogPakFile: PakFile FullDirectoryIndexSize=142
[2022.07.21-20.37.36:830][  0]LogShaderLibrary: Display: ShaderCodeLibraryPakFileMountedCallback: PakFile 'C:/Program Files/Epic Games/UE_4.27/FeaturePacks/TP_FlyingBP.upack' (chunk index -1, root 'root:/') mounted
[2022.07.21-20.37.36:830][  0]LogShaderLibrary: Display: ShaderCodeLibraryPakFileMountedCallback: pending pak file info (ChunkID:-1 Root:root:/ File:C:/Program Files/Epic Games/UE_4.27/FeaturePacks/TP_FlyingBP.upack)
[2022.07.21-20.37.36:830][  0]LogPakFile: OnPakFileMounted2Time == 0.000055
[2022.07.21-20.37.36:832][  0]LogPakFile: PakFile PrimaryIndexSize=188
[2022.07.21-20.37.36:832][  0]LogPakFile: PakFile PathHashIndexSize=101
[2022.07.21-20.37.36:832][  0]LogPakFile: PakFile FullDirectoryIndexSize=150
[2022.07.21-20.37.36:832][  0]LogShaderLibrary: Display: ShaderCodeLibraryPakFileMountedCallback: PakFile 'C:/Program Files/Epic Games/UE_4.27/FeaturePacks/TP_HandheldARBP.upack' (chunk index -1, root 'root:/') mounted
[2022.07.21-20.37.36:832][  0]LogShaderLibrary: Display: ShaderCodeLibraryPakFileMountedCallback: pending pak file info (ChunkID:-1 Root:root:/ File:C:/Program Files/Epic Games/UE_4.27/FeaturePacks/TP_HandheldARBP.upack)
[2022.07.21-20.37.36:832][  0]LogPakFile: OnPakFileMounted2Time == 0.000051
[2022.07.21-20.37.36:836][  0]LogPakFile: PakFile PrimaryIndexSize=182
[2022.07.21-20.37.36:836][  0]LogPakFile: PakFile PathHashIndexSize=101
[2022.07.21-20.37.36:836][  0]LogPakFile: PakFile FullDirectoryIndexSize=138
[2022.07.21-20.37.36:836][  0]LogShaderLibrary: Display: ShaderCodeLibraryPakFileMountedCallback: PakFile 'C:/Program Files/Epic Games/UE_4.27/FeaturePacks/TP_Puzzle.upack' (chunk index -1, root 'root:/') mounted
[2022.07.21-20.37.36:836][  0]LogShaderLibrary: Display: ShaderCodeLibraryPakFileMountedCallback: pending pak file info (ChunkID:-1 Root:root:/ File:C:/Program Files/Epic Games/UE_4.27/FeaturePacks/TP_Puzzle.upack)
[2022.07.21-20.37.36:836][  0]LogPakFile: OnPakFileMounted2Time == 0.000052
[2022.07.21-20.37.36:838][  0]LogPakFile: PakFile PrimaryIndexSize=184
[2022.07.21-20.37.36:838][  0]LogPakFile: PakFile PathHashIndexSize=101
[2022.07.21-20.37.36:838][  0]LogPakFile: PakFile FullDirectoryIndexSize=142
[2022.07.21-20.37.36:838][  0]LogShaderLibrary: Display: ShaderCodeLibraryPakFileMountedCallback: PakFile 'C:/Program Files/Epic Games/UE_4.27/FeaturePacks/TP_PuzzleBP.upack' (chunk index -1, root 'root:/') mounted
[2022.07.21-20.37.36:838][  0]LogShaderLibrary: Display: ShaderCodeLibraryPakFileMountedCallback: pending pak file info (ChunkID:-1 Root:root:/ File:C:/Program Files/Epic Games/UE_4.27/FeaturePacks/TP_PuzzleBP.upack)
[2022.07.21-20.37.36:838][  0]LogPakFile: OnPakFileMounted2Time == 0.000050
[2022.07.21-20.37.36:839][  0]LogPakFile: PakFile PrimaryIndexSize=183
[2022.07.21-20.37.36:839][  0]LogPakFile: PakFile PathHashIndexSize=101
[2022.07.21-20.37.36:839][  0]LogPakFile: PakFile FullDirectoryIndexSize=140
[2022.07.21-20.37.36:839][  0]LogShaderLibrary: Display: ShaderCodeLibraryPakFileMountedCallback: PakFile 'C:/Program Files/Epic Games/UE_4.27/FeaturePacks/TP_Rolling.upack' (chunk index -1, root 'root:/') mounted
[2022.07.21-20.37.36:840][  0]LogShaderLibrary: Display: ShaderCodeLibraryPakFileMountedCallback: pending pak file info (ChunkID:-1 Root:root:/ File:C:/Program Files/Epic Games/UE_4.27/FeaturePacks/TP_Rolling.upack)
[2022.07.21-20.37.36:840][  0]LogPakFile: OnPakFileMounted2Time == 0.000053
[2022.07.21-20.37.36:841][  0]LogPakFile: PakFile PrimaryIndexSize=185
[2022.07.21-20.37.36:841][  0]LogPakFile: PakFile PathHashIndexSize=101
[2022.07.21-20.37.36:841][  0]LogPakFile: PakFile FullDirectoryIndexSize=144
[2022.07.21-20.37.36:841][  0]LogShaderLibrary: Display: ShaderCodeLibraryPakFileMountedCallback: PakFile 'C:/Program Files/Epic Games/UE_4.27/FeaturePacks/TP_RollingBP.upack' (chunk index -1, root 'root:/') mounted
[2022.07.21-20.37.36:841][  0]LogShaderLibrary: Display: ShaderCodeLibraryPakFileMountedCallback: pending pak file info (ChunkID:-1 Root:root:/ File:C:/Program Files/Epic Games/UE_4.27/FeaturePacks/TP_RollingBP.upack)
[2022.07.21-20.37.36:841][  0]LogPakFile: OnPakFileMounted2Time == 0.000051
[2022.07.21-20.37.36:843][  0]LogPakFile: PakFile PrimaryIndexSize=188
[2022.07.21-20.37.36:843][  0]LogPakFile: PakFile PathHashIndexSize=101
[2022.07.21-20.37.36:843][  0]LogPakFile: PakFile FullDirectoryIndexSize=150
[2022.07.21-20.37.36:843][  0]LogShaderLibrary: Display: ShaderCodeLibraryPakFileMountedCallback: PakFile 'C:/Program Files/Epic Games/UE_4.27/FeaturePacks/TP_SideScroller.upack' (chunk index -1, root 'root:/') mounted
[2022.07.21-20.37.36:843][  0]LogShaderLibrary: Display: ShaderCodeLibraryPakFileMountedCallback: pending pak file info (ChunkID:-1 Root:root:/ File:C:/Program Files/Epic Games/UE_4.27/FeaturePacks/TP_SideScroller.upack)
[2022.07.21-20.37.36:843][  0]LogPakFile: OnPakFileMounted2Time == 0.000051
[2022.07.21-20.37.36:845][  0]LogPakFile: PakFile PrimaryIndexSize=190
[2022.07.21-20.37.36:845][  0]LogPakFile: PakFile PathHashIndexSize=101
[2022.07.21-20.37.36:845][  0]LogPakFile: PakFile FullDirectoryIndexSize=154
[2022.07.21-20.37.36:845][  0]LogShaderLibrary: Display: ShaderCodeLibraryPakFileMountedCallback: PakFile 'C:/Program Files/Epic Games/UE_4.27/FeaturePacks/TP_SideScrollerBP.upack' (chunk index -1, root 'root:/') mounted
[2022.07.21-20.37.36:845][  0]LogShaderLibrary: Display: ShaderCodeLibraryPakFileMountedCallback: pending pak file info (ChunkID:-1 Root:root:/ File:C:/Program Files/Epic Games/UE_4.27/FeaturePacks/TP_SideScrollerBP.upack)
[2022.07.21-20.37.36:845][  0]LogPakFile: OnPakFileMounted2Time == 0.000050
[2022.07.21-20.37.36:846][  0]LogPakFile: PakFile PrimaryIndexSize=187
[2022.07.21-20.37.36:846][  0]LogPakFile: PakFile PathHashIndexSize=101
[2022.07.21-20.37.36:846][  0]LogPakFile: PakFile FullDirectoryIndexSize=148
[2022.07.21-20.37.36:846][  0]LogShaderLibrary: Display: ShaderCodeLibraryPakFileMountedCallback: PakFile 'C:/Program Files/Epic Games/UE_4.27/FeaturePacks/TP_ThirdPerson.upack' (chunk index -1, root 'root:/') mounted
[2022.07.21-20.37.36:846][  0]LogShaderLibrary: Display: ShaderCodeLibraryPakFileMountedCallback: pending pak file info (ChunkID:-1 Root:root:/ File:C:/Program Files/Epic Games/UE_4.27/FeaturePacks/TP_ThirdPerson.upack)
[2022.07.21-20.37.36:846][  0]LogPakFile: OnPakFileMounted2Time == 0.000049
[2022.07.21-20.37.36:848][  0]LogPakFile: PakFile PrimaryIndexSize=189
[2022.07.21-20.37.36:848][  0]LogPakFile: PakFile PathHashIndexSize=101
[2022.07.21-20.37.36:848][  0]LogPakFile: PakFile FullDirectoryIndexSize=152
[2022.07.21-20.37.36:848][  0]LogShaderLibrary: Display: ShaderCodeLibraryPakFileMountedCallback: PakFile 'C:/Program Files/Epic Games/UE_4.27/FeaturePacks/TP_ThirdPersonBP.upack' (chunk index -1, root 'root:/') mounted
[2022.07.21-20.37.36:848][  0]LogShaderLibrary: Display: ShaderCodeLibraryPakFileMountedCallback: pending pak file info (ChunkID:-1 Root:root:/ File:C:/Program Files/Epic Games/UE_4.27/FeaturePacks/TP_ThirdPersonBP.upack)
[2022.07.21-20.37.36:848][  0]LogPakFile: OnPakFileMounted2Time == 0.000051
[2022.07.21-20.37.36:849][  0]LogPakFile: PakFile PrimaryIndexSize=183
[2022.07.21-20.37.36:849][  0]LogPakFile: PakFile PathHashIndexSize=101
[2022.07.21-20.37.36:849][  0]LogPakFile: PakFile FullDirectoryIndexSize=140
[2022.07.21-20.37.36:849][  0]LogShaderLibrary: Display: ShaderCodeLibraryPakFileMountedCallback: PakFile 'C:/Program Files/Epic Games/UE_4.27/FeaturePacks/TP_TopDown.upack' (chunk index -1, root 'root:/') mounted
[2022.07.21-20.37.36:850][  0]LogShaderLibrary: Display: ShaderCodeLibraryPakFileMountedCallback: pending pak file info (ChunkID:-1 Root:root:/ File:C:/Program Files/Epic Games/UE_4.27/FeaturePacks/TP_TopDown.upack)
[2022.07.21-20.37.36:850][  0]LogPakFile: OnPakFileMounted2Time == 0.000060
[2022.07.21-20.37.36:851][  0]LogPakFile: PakFile PrimaryIndexSize=185
[2022.07.21-20.37.36:851][  0]LogPakFile: PakFile PathHashIndexSize=101
[2022.07.21-20.37.36:851][  0]LogPakFile: PakFile FullDirectoryIndexSize=144
[2022.07.21-20.37.36:851][  0]LogShaderLibrary: Display: ShaderCodeLibraryPakFileMountedCallback: PakFile 'C:/Program Files/Epic Games/UE_4.27/FeaturePacks/TP_TopDownBP.upack' (chunk index -1, root 'root:/') mounted
[2022.07.21-20.37.36:851][  0]LogShaderLibrary: Display: ShaderCodeLibraryPakFileMountedCallback: pending pak file info (ChunkID:-1 Root:root:/ File:C:/Program Files/Epic Games/UE_4.27/FeaturePacks/TP_TopDownBP.upack)
[2022.07.21-20.37.36:851][  0]LogPakFile: OnPakFileMounted2Time == 0.000050
[2022.07.21-20.37.36:853][  0]LogPakFile: PakFile PrimaryIndexSize=185
[2022.07.21-20.37.36:853][  0]LogPakFile: PakFile PathHashIndexSize=101
[2022.07.21-20.37.36:853][  0]LogPakFile: PakFile FullDirectoryIndexSize=144
[2022.07.21-20.37.36:853][  0]LogShaderLibrary: Display: ShaderCodeLibraryPakFileMountedCallback: PakFile 'C:/Program Files/Epic Games/UE_4.27/FeaturePacks/TP_TwinStick.upack' (chunk index -1, root 'root:/') mounted
[2022.07.21-20.37.36:853][  0]LogShaderLibrary: Display: ShaderCodeLibraryPakFileMountedCallback: pending pak file info (ChunkID:-1 Root:root:/ File:C:/Program Files/Epic Games/UE_4.27/FeaturePacks/TP_TwinStick.upack)
[2022.07.21-20.37.36:853][  0]LogPakFile: OnPakFileMounted2Time == 0.000050
[2022.07.21-20.37.36:854][  0]LogPakFile: PakFile PrimaryIndexSize=187
[2022.07.21-20.37.36:854][  0]LogPakFile: PakFile PathHashIndexSize=101
[2022.07.21-20.37.36:854][  0]LogPakFile: PakFile FullDirectoryIndexSize=148
[2022.07.21-20.37.36:854][  0]LogShaderLibrary: Display: ShaderCodeLibraryPakFileMountedCallback: PakFile 'C:/Program Files/Epic Games/UE_4.27/FeaturePacks/TP_TwinStickBP.upack' (chunk index -1, root 'root:/') mounted
[2022.07.21-20.37.36:854][  0]LogShaderLibrary: Display: ShaderCodeLibraryPakFileMountedCallback: pending pak file info (ChunkID:-1 Root:root:/ File:C:/Program Files/Epic Games/UE_4.27/FeaturePacks/TP_TwinStickBP.upack)
[2022.07.21-20.37.36:854][  0]LogPakFile: OnPakFileMounted2Time == 0.000049
[2022.07.21-20.37.36:856][  0]LogPakFile: PakFile PrimaryIndexSize=183
[2022.07.21-20.37.36:856][  0]LogPakFile: PakFile PathHashIndexSize=101
[2022.07.21-20.37.36:856][  0]LogPakFile: PakFile FullDirectoryIndexSize=140
[2022.07.21-20.37.36:856][  0]LogShaderLibrary: Display: ShaderCodeLibraryPakFileMountedCallback: PakFile 'C:/Program Files/Epic Games/UE_4.27/FeaturePacks/TP_Vehicle.upack' (chunk index -1, root 'root:/') mounted
[2022.07.21-20.37.36:856][  0]LogShaderLibrary: Display: ShaderCodeLibraryPakFileMountedCallback: pending pak file info (ChunkID:-1 Root:root:/ File:C:/Program Files/Epic Games/UE_4.27/FeaturePacks/TP_Vehicle.upack)
[2022.07.21-20.37.36:856][  0]LogPakFile: OnPakFileMounted2Time == 0.000051
[2022.07.21-20.37.36:858][  0]LogPakFile: PakFile PrimaryIndexSize=186
[2022.07.21-20.37.36:858][  0]LogPakFile: PakFile PathHashIndexSize=101
[2022.07.21-20.37.36:858][  0]LogPakFile: PakFile FullDirectoryIndexSize=146
[2022.07.21-20.37.36:858][  0]LogShaderLibrary: Display: ShaderCodeLibraryPakFileMountedCallback: PakFile 'C:/Program Files/Epic Games/UE_4.27/FeaturePacks/TP_VehicleAdv.upack' (chunk index -1, root 'root:/') mounted
[2022.07.21-20.37.36:858][  0]LogShaderLibrary: Display: ShaderCodeLibraryPakFileMountedCallback: pending pak file info (ChunkID:-1 Root:root:/ File:C:/Program Files/Epic Games/UE_4.27/FeaturePacks/TP_VehicleAdv.upack)
[2022.07.21-20.37.36:858][  0]LogPakFile: OnPakFileMounted2Time == 0.000051
[2022.07.21-20.37.36:860][  0]LogPakFile: PakFile PrimaryIndexSize=188
[2022.07.21-20.37.36:860][  0]LogPakFile: PakFile PathHashIndexSize=101
[2022.07.21-20.37.36:860][  0]LogPakFile: PakFile FullDirectoryIndexSize=150
[2022.07.21-20.37.36:860][  0]LogShaderLibrary: Display: ShaderCodeLibraryPakFileMountedCallback: PakFile 'C:/Program Files/Epic Games/UE_4.27/FeaturePacks/TP_VehicleAdvBP.upack' (chunk index -1, root 'root:/') mounted
[2022.07.21-20.37.36:860][  0]LogShaderLibrary: Display: ShaderCodeLibraryPakFileMountedCallback: pending pak file info (ChunkID:-1 Root:root:/ File:C:/Program Files/Epic Games/UE_4.27/FeaturePacks/TP_VehicleAdvBP.upack)
[2022.07.21-20.37.36:860][  0]LogPakFile: OnPakFileMounted2Time == 0.000051
[2022.07.21-20.37.36:861][  0]LogPakFile: PakFile PrimaryIndexSize=185
[2022.07.21-20.37.36:861][  0]LogPakFile: PakFile PathHashIndexSize=101
[2022.07.21-20.37.36:861][  0]LogPakFile: PakFile FullDirectoryIndexSize=144
[2022.07.21-20.37.36:861][  0]LogShaderLibrary: Display: ShaderCodeLibraryPakFileMountedCallback: PakFile 'C:/Program Files/Epic Games/UE_4.27/FeaturePacks/TP_VehicleBP.upack' (chunk index -1, root 'root:/') mounted
[2022.07.21-20.37.36:861][  0]LogShaderLibrary: Display: ShaderCodeLibraryPakFileMountedCallback: pending pak file info (ChunkID:-1 Root:root:/ File:C:/Program Files/Epic Games/UE_4.27/FeaturePacks/TP_VehicleBP.upack)
[2022.07.21-20.37.36:861][  0]LogPakFile: OnPakFileMounted2Time == 0.000050
[2022.07.21-20.37.36:863][  0]LogPakFile: PakFile PrimaryIndexSize=192
[2022.07.21-20.37.36:863][  0]LogPakFile: PakFile PathHashIndexSize=101
[2022.07.21-20.37.36:863][  0]LogPakFile: PakFile FullDirectoryIndexSize=158
[2022.07.21-20.37.36:863][  0]LogShaderLibrary: Display: ShaderCodeLibraryPakFileMountedCallback: PakFile 'C:/Program Files/Epic Games/UE_4.27/FeaturePacks/TP_VirtualRealityBP.upack' (chunk index -1, root 'root:/') mounted
[2022.07.21-20.37.36:863][  0]LogShaderLibrary: Display: ShaderCodeLibraryPakFileMountedCallback: pending pak file info (ChunkID:-1 Root:root:/ File:C:/Program Files/Epic Games/UE_4.27/FeaturePacks/TP_VirtualRealityBP.upack)
[2022.07.21-20.37.36:863][  0]LogPakFile: OnPakFileMounted2Time == 0.000050
[2022.07.21-20.37.38:660][  0]LogNativeClassHierarchy: Verbose: Native class hierarchy updated for 'AddContentDialog' in 0.0003 seconds. Added 0 classes and 0 folders.
[2022.07.21-20.37.38:665][  0]LogNativeClassHierarchy: Verbose: Native class hierarchy updated for 'SceneOutliner' in 0.0003 seconds. Added 2 classes and 0 folders.
[2022.07.21-20.37.38:759][  0]LogSlate: Took 0.000851 seconds to synchronously load lazily loaded font '../../../Engine/Content/Slate/Fonts/Roboto-Regular.ttf' (155K)
[2022.07.21-20.37.38:761][  0]LogSlate: Took 0.000710 seconds to synchronously load lazily loaded font '../../../Engine/Content/Editor/Slate/Fonts/FontAwesome.ttf' (139K)
[2022.07.21-20.37.38:763][  0]LogSlate: Took 0.000956 seconds to synchronously load lazily loaded font '../../../Engine/Content/Slate/Fonts/Roboto-Bold.ttf' (160K)
[2022.07.21-20.37.38:939][  0]LogRenderer: Reallocating scene render targets to support 1616x572 Format 10 NumSamples 1 (Frame:1).
[2022.07.21-20.37.39:193][  0]LogNativeClassHierarchy: Verbose: Native class hierarchy updated for 'HierarchicalLODOutliner' in 0.0003 seconds. Added 0 classes and 0 folders.
[2022.07.21-20.37.39:193][  0]LogLoad: (Engine Initialization) Total time: 29.10 seconds
[2022.07.21-20.37.39:193][  0]LogLoad: (Engine Initialization) Total Blueprint compile time: 0.00 seconds
[2022.07.21-20.37.39:333][  0]LogContentStreaming: Texture pool size now 1000 MB
[2022.07.21-20.37.39:368][  1]LogAssetRegistry: Asset discovery search completed in 17.3318 seconds
[2022.07.21-20.37.39:379][  1]LogCollectionManager: Fixed up redirectors for 0 collections in 0.000010 seconds (updated 0 objects)
[2022.07.21-20.37.39:741][  2]LogSlate: Took 0.001109 seconds to synchronously load lazily loaded font '../../../Engine/Content/Slate/Fonts/Roboto-Light.ttf' (167K)
[2022.07.21-20.37.40:704][  5]LogSlate: Took 0.000209 seconds to synchronously load lazily loaded font '../../../Engine/Content/Slate/Fonts/Roboto-Light.ttf' (167K)
